<testsuites id="" name="" tests="100" failures="100" skipped="0" errors="0" time="152.116629">
<testsuite name="pdf-viewer-v2/features.spec.ts" timestamp="2025-11-20T10:25:26.418Z" hostname="chromium" tests="11" failures="11" skipped="0" time="50.202" errors="0">
<testcase name="PDF Viewer V2 - Features › Page Navigation › should navigate to next page" classname="pdf-viewer-v2/features.spec.ts" time="5.233">
<failure message="features.spec.ts:38:5 should navigate to next page" type="FAILURE">
<![CDATA[  [chromium] › pdf-viewer-v2/features.spec.ts:38:5 › PDF Viewer V2 - Features › Page Navigation › should navigate to next page 

    Error: locator.click: Error: strict mode violation: getByRole('button', { name: /sign in|get started/i }) resolved to 2 elements:
        1) <button class="hidden rounded-full px-4 py-2 text-slate-600 transition hover:text-slate-900 lg:inline-flex">Sign in</button> aka getByRole('button', { name: 'Sign in' })
        2) <button class="w-full rounded-full px-4 py-3 text-sm font-semibold transition border border-slate-300 text-slate-700 hover:bg-slate-50">Get Started Free</button> aka getByRole('button', { name: 'Get Started Free' })

    Call log:
      - waiting for getByRole('button', { name: /sign in|get started/i })


       at helpers/auth.ts:20

      18 |   
      19 |   // Click sign in
    > 20 |   await page.getByRole('button', { name: /sign in|get started/i }).click();
         |                                                                    ^
      21 |   
      22 |   // Wait for auth modal
      23 |   await page.waitForSelector('[role="dialog"]', { state: 'visible' });
        at signInAsTestUser (/Users/aminamouhadi/smart-reader-serverless/tests/e2e/helpers/auth.ts:20:68)
        at ensureAuthenticated (/Users/aminamouhadi/smart-reader-serverless/tests/e2e/helpers/auth.ts:39:5)
        at /Users/aminamouhadi/smart-reader-serverless/tests/e2e/pdf-viewer-v2/features.spec.ts:28:29

    attachment #1: screenshot (image/png) ──────────────────────────────────────────────────────────
    ../../test-results/pdf-viewer-v2-features-PDF-32369-hould-navigate-to-next-page-chromium/test-failed-1.png
    ────────────────────────────────────────────────────────────────────────────────────────────────

    attachment #2: video (video/webm) ──────────────────────────────────────────────────────────────
    ../../test-results/pdf-viewer-v2-features-PDF-32369-hould-navigate-to-next-page-chromium/video.webm
    ────────────────────────────────────────────────────────────────────────────────────────────────

    Error Context: ../../test-results/pdf-viewer-v2-features-PDF-32369-hould-navigate-to-next-page-chromium/error-context.md
]]>
</failure>
<system-out>
<![CDATA[
[[ATTACHMENT|../test-results/pdf-viewer-v2-features-PDF-32369-hould-navigate-to-next-page-chromium/test-failed-1.png]]

[[ATTACHMENT|../test-results/pdf-viewer-v2-features-PDF-32369-hould-navigate-to-next-page-chromium/video.webm]]

[[ATTACHMENT|../test-results/pdf-viewer-v2-features-PDF-32369-hould-navigate-to-next-page-chromium/error-context.md]]
]]>
</system-out>
</testcase>
<testcase name="PDF Viewer V2 - Features › Page Navigation › should navigate to previous page" classname="pdf-viewer-v2/features.spec.ts" time="5.23">
<failure message="features.spec.ts:79:5 should navigate to previous page" type="FAILURE">
<![CDATA[  [chromium] › pdf-viewer-v2/features.spec.ts:79:5 › PDF Viewer V2 - Features › Page Navigation › should navigate to previous page 

    Error: locator.click: Error: strict mode violation: getByRole('button', { name: /sign in|get started/i }) resolved to 2 elements:
        1) <button class="hidden rounded-full px-4 py-2 text-slate-600 transition hover:text-slate-900 lg:inline-flex">Sign in</button> aka getByRole('button', { name: 'Sign in' })
        2) <button class="w-full rounded-full px-4 py-3 text-sm font-semibold transition border border-slate-300 text-slate-700 hover:bg-slate-50">Get Started Free</button> aka getByRole('button', { name: 'Get Started Free' })

    Call log:
      - waiting for getByRole('button', { name: /sign in|get started/i })


       at helpers/auth.ts:20

      18 |   
      19 |   // Click sign in
    > 20 |   await page.getByRole('button', { name: /sign in|get started/i }).click();
         |                                                                    ^
      21 |   
      22 |   // Wait for auth modal
      23 |   await page.waitForSelector('[role="dialog"]', { state: 'visible' });
        at signInAsTestUser (/Users/aminamouhadi/smart-reader-serverless/tests/e2e/helpers/auth.ts:20:68)
        at ensureAuthenticated (/Users/aminamouhadi/smart-reader-serverless/tests/e2e/helpers/auth.ts:39:5)
        at /Users/aminamouhadi/smart-reader-serverless/tests/e2e/pdf-viewer-v2/features.spec.ts:28:29

    attachment #1: screenshot (image/png) ──────────────────────────────────────────────────────────
    ../../test-results/pdf-viewer-v2-features-PDF-6f7c9-d-navigate-to-previous-page-chromium/test-failed-1.png
    ────────────────────────────────────────────────────────────────────────────────────────────────

    attachment #2: video (video/webm) ──────────────────────────────────────────────────────────────
    ../../test-results/pdf-viewer-v2-features-PDF-6f7c9-d-navigate-to-previous-page-chromium/video.webm
    ────────────────────────────────────────────────────────────────────────────────────────────────

    Error Context: ../../test-results/pdf-viewer-v2-features-PDF-6f7c9-d-navigate-to-previous-page-chromium/error-context.md
]]>
</failure>
<system-out>
<![CDATA[
[[ATTACHMENT|../test-results/pdf-viewer-v2-features-PDF-6f7c9-d-navigate-to-previous-page-chromium/test-failed-1.png]]

[[ATTACHMENT|../test-results/pdf-viewer-v2-features-PDF-6f7c9-d-navigate-to-previous-page-chromium/video.webm]]

[[ATTACHMENT|../test-results/pdf-viewer-v2-features-PDF-6f7c9-d-navigate-to-previous-page-chromium/error-context.md]]
]]>
</system-out>
</testcase>
<testcase name="PDF Viewer V2 - Features › Page Navigation › should navigate to first page" classname="pdf-viewer-v2/features.spec.ts" time="5.188">
<failure message="features.spec.ts:123:5 should navigate to first page" type="FAILURE">
<![CDATA[  [chromium] › pdf-viewer-v2/features.spec.ts:123:5 › PDF Viewer V2 - Features › Page Navigation › should navigate to first page 

    Error: locator.click: Error: strict mode violation: getByRole('button', { name: /sign in|get started/i }) resolved to 2 elements:
        1) <button class="hidden rounded-full px-4 py-2 text-slate-600 transition hover:text-slate-900 lg:inline-flex">Sign in</button> aka getByRole('button', { name: 'Sign in' })
        2) <button class="w-full rounded-full px-4 py-3 text-sm font-semibold transition border border-slate-300 text-slate-700 hover:bg-slate-50">Get Started Free</button> aka getByRole('button', { name: 'Get Started Free' })

    Call log:
      - waiting for getByRole('button', { name: /sign in|get started/i })


       at helpers/auth.ts:20

      18 |   
      19 |   // Click sign in
    > 20 |   await page.getByRole('button', { name: /sign in|get started/i }).click();
         |                                                                    ^
      21 |   
      22 |   // Wait for auth modal
      23 |   await page.waitForSelector('[role="dialog"]', { state: 'visible' });
        at signInAsTestUser (/Users/aminamouhadi/smart-reader-serverless/tests/e2e/helpers/auth.ts:20:68)
        at ensureAuthenticated (/Users/aminamouhadi/smart-reader-serverless/tests/e2e/helpers/auth.ts:39:5)
        at /Users/aminamouhadi/smart-reader-serverless/tests/e2e/pdf-viewer-v2/features.spec.ts:28:29

    attachment #1: screenshot (image/png) ──────────────────────────────────────────────────────────
    ../../test-results/pdf-viewer-v2-features-PDF-b95ce-ould-navigate-to-first-page-chromium/test-failed-1.png
    ────────────────────────────────────────────────────────────────────────────────────────────────

    attachment #2: video (video/webm) ──────────────────────────────────────────────────────────────
    ../../test-results/pdf-viewer-v2-features-PDF-b95ce-ould-navigate-to-first-page-chromium/video.webm
    ────────────────────────────────────────────────────────────────────────────────────────────────

    Error Context: ../../test-results/pdf-viewer-v2-features-PDF-b95ce-ould-navigate-to-first-page-chromium/error-context.md
]]>
</failure>
<system-out>
<![CDATA[
[[ATTACHMENT|../test-results/pdf-viewer-v2-features-PDF-b95ce-ould-navigate-to-first-page-chromium/test-failed-1.png]]

[[ATTACHMENT|../test-results/pdf-viewer-v2-features-PDF-b95ce-ould-navigate-to-first-page-chromium/video.webm]]

[[ATTACHMENT|../test-results/pdf-viewer-v2-features-PDF-b95ce-ould-navigate-to-first-page-chromium/error-context.md]]
]]>
</system-out>
</testcase>
<testcase name="PDF Viewer V2 - Features › Zoom Functionality › should zoom in" classname="pdf-viewer-v2/features.spec.ts" time="5.232">
<failure message="features.spec.ts:163:5 should zoom in" type="FAILURE">
<![CDATA[  [chromium] › pdf-viewer-v2/features.spec.ts:163:5 › PDF Viewer V2 - Features › Zoom Functionality › should zoom in 

    Error: locator.click: Error: strict mode violation: getByRole('button', { name: /sign in|get started/i }) resolved to 2 elements:
        1) <button class="hidden rounded-full px-4 py-2 text-slate-600 transition hover:text-slate-900 lg:inline-flex">Sign in</button> aka getByRole('button', { name: 'Sign in' })
        2) <button class="w-full rounded-full px-4 py-3 text-sm font-semibold transition border border-slate-300 text-slate-700 hover:bg-slate-50">Get Started Free</button> aka getByRole('button', { name: 'Get Started Free' })

    Call log:
      - waiting for getByRole('button', { name: /sign in|get started/i })


       at helpers/auth.ts:20

      18 |   
      19 |   // Click sign in
    > 20 |   await page.getByRole('button', { name: /sign in|get started/i }).click();
         |                                                                    ^
      21 |   
      22 |   // Wait for auth modal
      23 |   await page.waitForSelector('[role="dialog"]', { state: 'visible' });
        at signInAsTestUser (/Users/aminamouhadi/smart-reader-serverless/tests/e2e/helpers/auth.ts:20:68)
        at ensureAuthenticated (/Users/aminamouhadi/smart-reader-serverless/tests/e2e/helpers/auth.ts:39:5)
        at /Users/aminamouhadi/smart-reader-serverless/tests/e2e/pdf-viewer-v2/features.spec.ts:28:29

    attachment #1: screenshot (image/png) ──────────────────────────────────────────────────────────
    ../../test-results/pdf-viewer-v2-features-PDF-628c8-unctionality-should-zoom-in-chromium/test-failed-1.png
    ────────────────────────────────────────────────────────────────────────────────────────────────

    attachment #2: video (video/webm) ──────────────────────────────────────────────────────────────
    ../../test-results/pdf-viewer-v2-features-PDF-628c8-unctionality-should-zoom-in-chromium/video.webm
    ────────────────────────────────────────────────────────────────────────────────────────────────

    Error Context: ../../test-results/pdf-viewer-v2-features-PDF-628c8-unctionality-should-zoom-in-chromium/error-context.md
]]>
</failure>
<system-out>
<![CDATA[
[[ATTACHMENT|../test-results/pdf-viewer-v2-features-PDF-628c8-unctionality-should-zoom-in-chromium/test-failed-1.png]]

[[ATTACHMENT|../test-results/pdf-viewer-v2-features-PDF-628c8-unctionality-should-zoom-in-chromium/video.webm]]

[[ATTACHMENT|../test-results/pdf-viewer-v2-features-PDF-628c8-unctionality-should-zoom-in-chromium/error-context.md]]
]]>
</system-out>
</testcase>
<testcase name="PDF Viewer V2 - Features › Zoom Functionality › should zoom out" classname="pdf-viewer-v2/features.spec.ts" time="5.194">
<failure message="features.spec.ts:200:5 should zoom out" type="FAILURE">
<![CDATA[  [chromium] › pdf-viewer-v2/features.spec.ts:200:5 › PDF Viewer V2 - Features › Zoom Functionality › should zoom out 

    Error: locator.click: Error: strict mode violation: getByRole('button', { name: /sign in|get started/i }) resolved to 2 elements:
        1) <button class="hidden rounded-full px-4 py-2 text-slate-600 transition hover:text-slate-900 lg:inline-flex">Sign in</button> aka getByRole('button', { name: 'Sign in' })
        2) <button class="w-full rounded-full px-4 py-3 text-sm font-semibold transition border border-slate-300 text-slate-700 hover:bg-slate-50">Get Started Free</button> aka getByRole('button', { name: 'Get Started Free' })

    Call log:
      - waiting for getByRole('button', { name: /sign in|get started/i })


       at helpers/auth.ts:20

      18 |   
      19 |   // Click sign in
    > 20 |   await page.getByRole('button', { name: /sign in|get started/i }).click();
         |                                                                    ^
      21 |   
      22 |   // Wait for auth modal
      23 |   await page.waitForSelector('[role="dialog"]', { state: 'visible' });
        at signInAsTestUser (/Users/aminamouhadi/smart-reader-serverless/tests/e2e/helpers/auth.ts:20:68)
        at ensureAuthenticated (/Users/aminamouhadi/smart-reader-serverless/tests/e2e/helpers/auth.ts:39:5)
        at /Users/aminamouhadi/smart-reader-serverless/tests/e2e/pdf-viewer-v2/features.spec.ts:28:29

    attachment #1: screenshot (image/png) ──────────────────────────────────────────────────────────
    ../../test-results/pdf-viewer-v2-features-PDF-70550-nctionality-should-zoom-out-chromium/test-failed-1.png
    ────────────────────────────────────────────────────────────────────────────────────────────────

    attachment #2: video (video/webm) ──────────────────────────────────────────────────────────────
    ../../test-results/pdf-viewer-v2-features-PDF-70550-nctionality-should-zoom-out-chromium/video.webm
    ────────────────────────────────────────────────────────────────────────────────────────────────

    Error Context: ../../test-results/pdf-viewer-v2-features-PDF-70550-nctionality-should-zoom-out-chromium/error-context.md
]]>
</failure>
<system-out>
<![CDATA[
[[ATTACHMENT|../test-results/pdf-viewer-v2-features-PDF-70550-nctionality-should-zoom-out-chromium/test-failed-1.png]]

[[ATTACHMENT|../test-results/pdf-viewer-v2-features-PDF-70550-nctionality-should-zoom-out-chromium/video.webm]]

[[ATTACHMENT|../test-results/pdf-viewer-v2-features-PDF-70550-nctionality-should-zoom-out-chromium/error-context.md]]
]]>
</system-out>
</testcase>
<testcase name="PDF Viewer V2 - Features › Rotation › should rotate PDF clockwise" classname="pdf-viewer-v2/features.spec.ts" time="3.988">
<failure message="features.spec.ts:240:5 should rotate PDF clockwise" type="FAILURE">
<![CDATA[  [chromium] › pdf-viewer-v2/features.spec.ts:240:5 › PDF Viewer V2 - Features › Rotation › should rotate PDF clockwise 

    Error: locator.click: Error: strict mode violation: getByRole('button', { name: /sign in|get started/i }) resolved to 2 elements:
        1) <button class="hidden rounded-full px-4 py-2 text-slate-600 transition hover:text-slate-900 lg:inline-flex">Sign in</button> aka getByRole('button', { name: 'Sign in' })
        2) <button class="w-full rounded-full px-4 py-3 text-sm font-semibold transition border border-slate-300 text-slate-700 hover:bg-slate-50">Get Started Free</button> aka getByRole('button', { name: 'Get Started Free' })

    Call log:
      - waiting for getByRole('button', { name: /sign in|get started/i })


       at helpers/auth.ts:20

      18 |   
      19 |   // Click sign in
    > 20 |   await page.getByRole('button', { name: /sign in|get started/i }).click();
         |                                                                    ^
      21 |   
      22 |   // Wait for auth modal
      23 |   await page.waitForSelector('[role="dialog"]', { state: 'visible' });
        at signInAsTestUser (/Users/aminamouhadi/smart-reader-serverless/tests/e2e/helpers/auth.ts:20:68)
        at ensureAuthenticated (/Users/aminamouhadi/smart-reader-serverless/tests/e2e/helpers/auth.ts:39:5)
        at /Users/aminamouhadi/smart-reader-serverless/tests/e2e/pdf-viewer-v2/features.spec.ts:28:29

    attachment #1: screenshot (image/png) ──────────────────────────────────────────────────────────
    ../../test-results/pdf-viewer-v2-features-PDF-bd88a-should-rotate-PDF-clockwise-chromium/test-failed-1.png
    ────────────────────────────────────────────────────────────────────────────────────────────────

    attachment #2: video (video/webm) ──────────────────────────────────────────────────────────────
    ../../test-results/pdf-viewer-v2-features-PDF-bd88a-should-rotate-PDF-clockwise-chromium/video.webm
    ────────────────────────────────────────────────────────────────────────────────────────────────

    Error Context: ../../test-results/pdf-viewer-v2-features-PDF-bd88a-should-rotate-PDF-clockwise-chromium/error-context.md
]]>
</failure>
<system-out>
<![CDATA[
[[ATTACHMENT|../test-results/pdf-viewer-v2-features-PDF-bd88a-should-rotate-PDF-clockwise-chromium/test-failed-1.png]]

[[ATTACHMENT|../test-results/pdf-viewer-v2-features-PDF-bd88a-should-rotate-PDF-clockwise-chromium/video.webm]]

[[ATTACHMENT|../test-results/pdf-viewer-v2-features-PDF-bd88a-should-rotate-PDF-clockwise-chromium/error-context.md]]
]]>
</system-out>
</testcase>
<testcase name="PDF Viewer V2 - Features › Search Functionality › should open search dialog" classname="pdf-viewer-v2/features.spec.ts" time="4.038">
<failure message="features.spec.ts:270:5 should open search dialog" type="FAILURE">
<![CDATA[  [chromium] › pdf-viewer-v2/features.spec.ts:270:5 › PDF Viewer V2 - Features › Search Functionality › should open search dialog 

    Error: locator.click: Error: strict mode violation: getByRole('button', { name: /sign in|get started/i }) resolved to 2 elements:
        1) <button class="hidden rounded-full px-4 py-2 text-slate-600 transition hover:text-slate-900 lg:inline-flex">Sign in</button> aka getByRole('button', { name: 'Sign in' })
        2) <button class="w-full rounded-full px-4 py-3 text-sm font-semibold transition border border-slate-300 text-slate-700 hover:bg-slate-50">Get Started Free</button> aka getByRole('button', { name: 'Get Started Free' })

    Call log:
      - waiting for getByRole('button', { name: /sign in|get started/i })


       at helpers/auth.ts:20

      18 |   
      19 |   // Click sign in
    > 20 |   await page.getByRole('button', { name: /sign in|get started/i }).click();
         |                                                                    ^
      21 |   
      22 |   // Wait for auth modal
      23 |   await page.waitForSelector('[role="dialog"]', { state: 'visible' });
        at signInAsTestUser (/Users/aminamouhadi/smart-reader-serverless/tests/e2e/helpers/auth.ts:20:68)
        at ensureAuthenticated (/Users/aminamouhadi/smart-reader-serverless/tests/e2e/helpers/auth.ts:39:5)
        at /Users/aminamouhadi/smart-reader-serverless/tests/e2e/pdf-viewer-v2/features.spec.ts:28:29

    attachment #1: screenshot (image/png) ──────────────────────────────────────────────────────────
    ../../test-results/pdf-viewer-v2-features-PDF-a46da-y-should-open-search-dialog-chromium/test-failed-1.png
    ────────────────────────────────────────────────────────────────────────────────────────────────

    attachment #2: video (video/webm) ──────────────────────────────────────────────────────────────
    ../../test-results/pdf-viewer-v2-features-PDF-a46da-y-should-open-search-dialog-chromium/video.webm
    ────────────────────────────────────────────────────────────────────────────────────────────────

    Error Context: ../../test-results/pdf-viewer-v2-features-PDF-a46da-y-should-open-search-dialog-chromium/error-context.md
]]>
</failure>
<system-out>
<![CDATA[
[[ATTACHMENT|../test-results/pdf-viewer-v2-features-PDF-a46da-y-should-open-search-dialog-chromium/test-failed-1.png]]

[[ATTACHMENT|../test-results/pdf-viewer-v2-features-PDF-a46da-y-should-open-search-dialog-chromium/video.webm]]

[[ATTACHMENT|../test-results/pdf-viewer-v2-features-PDF-a46da-y-should-open-search-dialog-chromium/error-context.md]]
]]>
</system-out>
</testcase>
<testcase name="PDF Viewer V2 - Features › Search Functionality › should search for text in PDF" classname="pdf-viewer-v2/features.spec.ts" time="4.003">
<failure message="features.spec.ts:302:5 should search for text in PDF" type="FAILURE">
<![CDATA[  [chromium] › pdf-viewer-v2/features.spec.ts:302:5 › PDF Viewer V2 - Features › Search Functionality › should search for text in PDF 

    Error: locator.click: Error: strict mode violation: getByRole('button', { name: /sign in|get started/i }) resolved to 2 elements:
        1) <button class="hidden rounded-full px-4 py-2 text-slate-600 transition hover:text-slate-900 lg:inline-flex">Sign in</button> aka getByRole('button', { name: 'Sign in' })
        2) <button class="w-full rounded-full px-4 py-3 text-sm font-semibold transition border border-slate-300 text-slate-700 hover:bg-slate-50">Get Started Free</button> aka getByRole('button', { name: 'Get Started Free' })

    Call log:
      - waiting for getByRole('button', { name: /sign in|get started/i })


       at helpers/auth.ts:20

      18 |   
      19 |   // Click sign in
    > 20 |   await page.getByRole('button', { name: /sign in|get started/i }).click();
         |                                                                    ^
      21 |   
      22 |   // Wait for auth modal
      23 |   await page.waitForSelector('[role="dialog"]', { state: 'visible' });
        at signInAsTestUser (/Users/aminamouhadi/smart-reader-serverless/tests/e2e/helpers/auth.ts:20:68)
        at ensureAuthenticated (/Users/aminamouhadi/smart-reader-serverless/tests/e2e/helpers/auth.ts:39:5)
        at /Users/aminamouhadi/smart-reader-serverless/tests/e2e/pdf-viewer-v2/features.spec.ts:28:29

    attachment #1: screenshot (image/png) ──────────────────────────────────────────────────────────
    ../../test-results/pdf-viewer-v2-features-PDF-800d9-ould-search-for-text-in-PDF-chromium/test-failed-1.png
    ────────────────────────────────────────────────────────────────────────────────────────────────

    attachment #2: video (video/webm) ──────────────────────────────────────────────────────────────
    ../../test-results/pdf-viewer-v2-features-PDF-800d9-ould-search-for-text-in-PDF-chromium/video.webm
    ────────────────────────────────────────────────────────────────────────────────────────────────

    Error Context: ../../test-results/pdf-viewer-v2-features-PDF-800d9-ould-search-for-text-in-PDF-chromium/error-context.md
]]>
</failure>
<system-out>
<![CDATA[
[[ATTACHMENT|../test-results/pdf-viewer-v2-features-PDF-800d9-ould-search-for-text-in-PDF-chromium/test-failed-1.png]]

[[ATTACHMENT|../test-results/pdf-viewer-v2-features-PDF-800d9-ould-search-for-text-in-PDF-chromium/video.webm]]

[[ATTACHMENT|../test-results/pdf-viewer-v2-features-PDF-800d9-ould-search-for-text-in-PDF-chromium/error-context.md]]
]]>
</system-out>
</testcase>
<testcase name="PDF Viewer V2 - Features › Reading Mode › should toggle reading mode" classname="pdf-viewer-v2/features.spec.ts" time="4.017">
<failure message="features.spec.ts:338:5 should toggle reading mode" type="FAILURE">
<![CDATA[  [chromium] › pdf-viewer-v2/features.spec.ts:338:5 › PDF Viewer V2 - Features › Reading Mode › should toggle reading mode 

    Error: locator.click: Error: strict mode violation: getByRole('button', { name: /sign in|get started/i }) resolved to 2 elements:
        1) <button class="hidden rounded-full px-4 py-2 text-slate-600 transition hover:text-slate-900 lg:inline-flex">Sign in</button> aka getByRole('button', { name: 'Sign in' })
        2) <button class="w-full rounded-full px-4 py-3 text-sm font-semibold transition border border-slate-300 text-slate-700 hover:bg-slate-50">Get Started Free</button> aka getByRole('button', { name: 'Get Started Free' })

    Call log:
      - waiting for getByRole('button', { name: /sign in|get started/i })


       at helpers/auth.ts:20

      18 |   
      19 |   // Click sign in
    > 20 |   await page.getByRole('button', { name: /sign in|get started/i }).click();
         |                                                                    ^
      21 |   
      22 |   // Wait for auth modal
      23 |   await page.waitForSelector('[role="dialog"]', { state: 'visible' });
        at signInAsTestUser (/Users/aminamouhadi/smart-reader-serverless/tests/e2e/helpers/auth.ts:20:68)
        at ensureAuthenticated (/Users/aminamouhadi/smart-reader-serverless/tests/e2e/helpers/auth.ts:39:5)
        at /Users/aminamouhadi/smart-reader-serverless/tests/e2e/pdf-viewer-v2/features.spec.ts:28:29

    attachment #1: screenshot (image/png) ──────────────────────────────────────────────────────────
    ../../test-results/pdf-viewer-v2-features-PDF-19765--should-toggle-reading-mode-chromium/test-failed-1.png
    ────────────────────────────────────────────────────────────────────────────────────────────────

    attachment #2: video (video/webm) ──────────────────────────────────────────────────────────────
    ../../test-results/pdf-viewer-v2-features-PDF-19765--should-toggle-reading-mode-chromium/video.webm
    ────────────────────────────────────────────────────────────────────────────────────────────────

    Error Context: ../../test-results/pdf-viewer-v2-features-PDF-19765--should-toggle-reading-mode-chromium/error-context.md
]]>
</failure>
<system-out>
<![CDATA[
[[ATTACHMENT|../test-results/pdf-viewer-v2-features-PDF-19765--should-toggle-reading-mode-chromium/test-failed-1.png]]

[[ATTACHMENT|../test-results/pdf-viewer-v2-features-PDF-19765--should-toggle-reading-mode-chromium/video.webm]]

[[ATTACHMENT|../test-results/pdf-viewer-v2-features-PDF-19765--should-toggle-reading-mode-chromium/error-context.md]]
]]>
</system-out>
</testcase>
<testcase name="PDF Viewer V2 - Features › Notes Integration › should open notes panel" classname="pdf-viewer-v2/features.spec.ts" time="3.926">
<failure message="features.spec.ts:372:5 should open notes panel" type="FAILURE">
<![CDATA[  [chromium] › pdf-viewer-v2/features.spec.ts:372:5 › PDF Viewer V2 - Features › Notes Integration › should open notes panel 

    Error: locator.click: Error: strict mode violation: getByRole('button', { name: /sign in|get started/i }) resolved to 2 elements:
        1) <button class="hidden rounded-full px-4 py-2 text-slate-600 transition hover:text-slate-900 lg:inline-flex">Sign in</button> aka getByRole('button', { name: 'Sign in' })
        2) <button class="w-full rounded-full px-4 py-3 text-sm font-semibold transition border border-slate-300 text-slate-700 hover:bg-slate-50">Get Started Free</button> aka getByRole('button', { name: 'Get Started Free' })

    Call log:
      - waiting for getByRole('button', { name: /sign in|get started/i })


       at helpers/auth.ts:20

      18 |   
      19 |   // Click sign in
    > 20 |   await page.getByRole('button', { name: /sign in|get started/i }).click();
         |                                                                    ^
      21 |   
      22 |   // Wait for auth modal
      23 |   await page.waitForSelector('[role="dialog"]', { state: 'visible' });
        at signInAsTestUser (/Users/aminamouhadi/smart-reader-serverless/tests/e2e/helpers/auth.ts:20:68)
        at ensureAuthenticated (/Users/aminamouhadi/smart-reader-serverless/tests/e2e/helpers/auth.ts:39:5)
        at /Users/aminamouhadi/smart-reader-serverless/tests/e2e/pdf-viewer-v2/features.spec.ts:28:29

    attachment #1: screenshot (image/png) ──────────────────────────────────────────────────────────
    ../../test-results/pdf-viewer-v2-features-PDF-f73f6-ion-should-open-notes-panel-chromium/test-failed-1.png
    ────────────────────────────────────────────────────────────────────────────────────────────────

    attachment #2: video (video/webm) ──────────────────────────────────────────────────────────────
    ../../test-results/pdf-viewer-v2-features-PDF-f73f6-ion-should-open-notes-panel-chromium/video.webm
    ────────────────────────────────────────────────────────────────────────────────────────────────

    Error Context: ../../test-results/pdf-viewer-v2-features-PDF-f73f6-ion-should-open-notes-panel-chromium/error-context.md
]]>
</failure>
<system-out>
<![CDATA[
[[ATTACHMENT|../test-results/pdf-viewer-v2-features-PDF-f73f6-ion-should-open-notes-panel-chromium/test-failed-1.png]]

[[ATTACHMENT|../test-results/pdf-viewer-v2-features-PDF-f73f6-ion-should-open-notes-panel-chromium/video.webm]]

[[ATTACHMENT|../test-results/pdf-viewer-v2-features-PDF-f73f6-ion-should-open-notes-panel-chromium/error-context.md]]
]]>
</system-out>
</testcase>
<testcase name="PDF Viewer V2 - Features › TTS Integration › should display TTS controls" classname="pdf-viewer-v2/features.spec.ts" time="4.153">
<failure message="features.spec.ts:396:5 should display TTS controls" type="FAILURE">
<![CDATA[  [chromium] › pdf-viewer-v2/features.spec.ts:396:5 › PDF Viewer V2 - Features › TTS Integration › should display TTS controls 

    Error: locator.click: Error: strict mode violation: getByRole('button', { name: /sign in|get started/i }) resolved to 2 elements:
        1) <button class="hidden rounded-full px-4 py-2 text-slate-600 transition hover:text-slate-900 lg:inline-flex">Sign in</button> aka getByRole('button', { name: 'Sign in' })
        2) <button class="w-full rounded-full px-4 py-3 text-sm font-semibold transition border border-slate-300 text-slate-700 hover:bg-slate-50">Get Started Free</button> aka getByRole('button', { name: 'Get Started Free' })

    Call log:
      - waiting for getByRole('button', { name: /sign in|get started/i })


       at helpers/auth.ts:20

      18 |   
      19 |   // Click sign in
    > 20 |   await page.getByRole('button', { name: /sign in|get started/i }).click();
         |                                                                    ^
      21 |   
      22 |   // Wait for auth modal
      23 |   await page.waitForSelector('[role="dialog"]', { state: 'visible' });
        at signInAsTestUser (/Users/aminamouhadi/smart-reader-serverless/tests/e2e/helpers/auth.ts:20:68)
        at ensureAuthenticated (/Users/aminamouhadi/smart-reader-serverless/tests/e2e/helpers/auth.ts:39:5)
        at /Users/aminamouhadi/smart-reader-serverless/tests/e2e/pdf-viewer-v2/features.spec.ts:28:29

    attachment #1: screenshot (image/png) ──────────────────────────────────────────────────────────
    ../../test-results/pdf-viewer-v2-features-PDF-99f7b-should-display-TTS-controls-chromium/test-failed-1.png
    ────────────────────────────────────────────────────────────────────────────────────────────────

    attachment #2: video (video/webm) ──────────────────────────────────────────────────────────────
    ../../test-results/pdf-viewer-v2-features-PDF-99f7b-should-display-TTS-controls-chromium/video.webm
    ────────────────────────────────────────────────────────────────────────────────────────────────

    Error Context: ../../test-results/pdf-viewer-v2-features-PDF-99f7b-should-display-TTS-controls-chromium/error-context.md
]]>
</failure>
<system-out>
<![CDATA[
[[ATTACHMENT|../test-results/pdf-viewer-v2-features-PDF-99f7b-should-display-TTS-controls-chromium/test-failed-1.png]]

[[ATTACHMENT|../test-results/pdf-viewer-v2-features-PDF-99f7b-should-display-TTS-controls-chromium/video.webm]]

[[ATTACHMENT|../test-results/pdf-viewer-v2-features-PDF-99f7b-should-display-TTS-controls-chromium/error-context.md]]
]]>
</system-out>
</testcase>
</testsuite>
<testsuite name="pdf-viewer-v2/highlighting.spec.ts" timestamp="2025-11-20T10:25:26.418Z" hostname="chromium" tests="9" failures="9" skipped="0" time="35.26" errors="0">
<testcase name="PDF Viewer V2 - Highlighting › Highlight Creation › should display PDF viewer when document is loaded" classname="pdf-viewer-v2/highlighting.spec.ts" time="3.913">
<failure message="highlighting.spec.ts:37:5 should display PDF viewer when document is loaded" type="FAILURE">
<![CDATA[  [chromium] › pdf-viewer-v2/highlighting.spec.ts:37:5 › PDF Viewer V2 - Highlighting › Highlight Creation › should display PDF viewer when document is loaded 

    Error: locator.click: Error: strict mode violation: getByRole('button', { name: /sign in|get started/i }) resolved to 2 elements:
        1) <button class="hidden rounded-full px-4 py-2 text-slate-600 transition hover:text-slate-900 lg:inline-flex">Sign in</button> aka getByRole('button', { name: 'Sign in' })
        2) <button class="w-full rounded-full px-4 py-3 text-sm font-semibold transition border border-slate-300 text-slate-700 hover:bg-slate-50">Get Started Free</button> aka getByRole('button', { name: 'Get Started Free' })

    Call log:
      - waiting for getByRole('button', { name: /sign in|get started/i })


       at helpers/auth.ts:20

      18 |   
      19 |   // Click sign in
    > 20 |   await page.getByRole('button', { name: /sign in|get started/i }).click();
         |                                                                    ^
      21 |   
      22 |   // Wait for auth modal
      23 |   await page.waitForSelector('[role="dialog"]', { state: 'visible' });
        at signInAsTestUser (/Users/aminamouhadi/smart-reader-serverless/tests/e2e/helpers/auth.ts:20:68)
        at ensureAuthenticated (/Users/aminamouhadi/smart-reader-serverless/tests/e2e/helpers/auth.ts:39:5)
        at /Users/aminamouhadi/smart-reader-serverless/tests/e2e/pdf-viewer-v2/highlighting.spec.ts:27:29

    attachment #1: screenshot (image/png) ──────────────────────────────────────────────────────────
    ../../test-results/pdf-viewer-v2-highlighting-22c14-wer-when-document-is-loaded-chromium/test-failed-1.png
    ────────────────────────────────────────────────────────────────────────────────────────────────

    attachment #2: video (video/webm) ──────────────────────────────────────────────────────────────
    ../../test-results/pdf-viewer-v2-highlighting-22c14-wer-when-document-is-loaded-chromium/video.webm
    ────────────────────────────────────────────────────────────────────────────────────────────────

    Error Context: ../../test-results/pdf-viewer-v2-highlighting-22c14-wer-when-document-is-loaded-chromium/error-context.md
]]>
</failure>
<system-out>
<![CDATA[
[[ATTACHMENT|../test-results/pdf-viewer-v2-highlighting-22c14-wer-when-document-is-loaded-chromium/test-failed-1.png]]

[[ATTACHMENT|../test-results/pdf-viewer-v2-highlighting-22c14-wer-when-document-is-loaded-chromium/video.webm]]

[[ATTACHMENT|../test-results/pdf-viewer-v2-highlighting-22c14-wer-when-document-is-loaded-chromium/error-context.md]]
]]>
</system-out>
</testcase>
<testcase name="PDF Viewer V2 - Highlighting › Highlight Creation › should allow text selection in PDF" classname="pdf-viewer-v2/highlighting.spec.ts" time="3.9">
<failure message="highlighting.spec.ts:53:5 should allow text selection in PDF" type="FAILURE">
<![CDATA[  [chromium] › pdf-viewer-v2/highlighting.spec.ts:53:5 › PDF Viewer V2 - Highlighting › Highlight Creation › should allow text selection in PDF 

    Error: locator.click: Error: strict mode violation: getByRole('button', { name: /sign in|get started/i }) resolved to 2 elements:
        1) <button class="hidden rounded-full px-4 py-2 text-slate-600 transition hover:text-slate-900 lg:inline-flex">Sign in</button> aka getByRole('button', { name: 'Sign in' })
        2) <button class="w-full rounded-full px-4 py-3 text-sm font-semibold transition border border-slate-300 text-slate-700 hover:bg-slate-50">Get Started Free</button> aka getByRole('button', { name: 'Get Started Free' })

    Call log:
      - waiting for getByRole('button', { name: /sign in|get started/i })


       at helpers/auth.ts:20

      18 |   
      19 |   // Click sign in
    > 20 |   await page.getByRole('button', { name: /sign in|get started/i }).click();
         |                                                                    ^
      21 |   
      22 |   // Wait for auth modal
      23 |   await page.waitForSelector('[role="dialog"]', { state: 'visible' });
        at signInAsTestUser (/Users/aminamouhadi/smart-reader-serverless/tests/e2e/helpers/auth.ts:20:68)
        at ensureAuthenticated (/Users/aminamouhadi/smart-reader-serverless/tests/e2e/helpers/auth.ts:39:5)
        at /Users/aminamouhadi/smart-reader-serverless/tests/e2e/pdf-viewer-v2/highlighting.spec.ts:27:29

    attachment #1: screenshot (image/png) ──────────────────────────────────────────────────────────
    ../../test-results/pdf-viewer-v2-highlighting-e7a02-allow-text-selection-in-PDF-chromium/test-failed-1.png
    ────────────────────────────────────────────────────────────────────────────────────────────────

    attachment #2: video (video/webm) ──────────────────────────────────────────────────────────────
    ../../test-results/pdf-viewer-v2-highlighting-e7a02-allow-text-selection-in-PDF-chromium/video.webm
    ────────────────────────────────────────────────────────────────────────────────────────────────

    Error Context: ../../test-results/pdf-viewer-v2-highlighting-e7a02-allow-text-selection-in-PDF-chromium/error-context.md
]]>
</failure>
<system-out>
<![CDATA[
[[ATTACHMENT|../test-results/pdf-viewer-v2-highlighting-e7a02-allow-text-selection-in-PDF-chromium/test-failed-1.png]]

[[ATTACHMENT|../test-results/pdf-viewer-v2-highlighting-e7a02-allow-text-selection-in-PDF-chromium/video.webm]]

[[ATTACHMENT|../test-results/pdf-viewer-v2-highlighting-e7a02-allow-text-selection-in-PDF-chromium/error-context.md]]
]]>
</system-out>
</testcase>
<testcase name="PDF Viewer V2 - Highlighting › Highlight Creation › should show highlight popup after text selection" classname="pdf-viewer-v2/highlighting.spec.ts" time="4.123">
<failure message="highlighting.spec.ts:87:5 should show highlight popup after text selection" type="FAILURE">
<![CDATA[  [chromium] › pdf-viewer-v2/highlighting.spec.ts:87:5 › PDF Viewer V2 - Highlighting › Highlight Creation › should show highlight popup after text selection 

    Error: locator.click: Error: strict mode violation: getByRole('button', { name: /sign in|get started/i }) resolved to 2 elements:
        1) <button class="hidden rounded-full px-4 py-2 text-slate-600 transition hover:text-slate-900 lg:inline-flex">Sign in</button> aka getByRole('button', { name: 'Sign in' })
        2) <button class="w-full rounded-full px-4 py-3 text-sm font-semibold transition border border-slate-300 text-slate-700 hover:bg-slate-50">Get Started Free</button> aka getByRole('button', { name: 'Get Started Free' })

    Call log:
      - waiting for getByRole('button', { name: /sign in|get started/i })


       at helpers/auth.ts:20

      18 |   
      19 |   // Click sign in
    > 20 |   await page.getByRole('button', { name: /sign in|get started/i }).click();
         |                                                                    ^
      21 |   
      22 |   // Wait for auth modal
      23 |   await page.waitForSelector('[role="dialog"]', { state: 'visible' });
        at signInAsTestUser (/Users/aminamouhadi/smart-reader-serverless/tests/e2e/helpers/auth.ts:20:68)
        at ensureAuthenticated (/Users/aminamouhadi/smart-reader-serverless/tests/e2e/helpers/auth.ts:39:5)
        at /Users/aminamouhadi/smart-reader-serverless/tests/e2e/pdf-viewer-v2/highlighting.spec.ts:27:29

    attachment #1: screenshot (image/png) ──────────────────────────────────────────────────────────
    ../../test-results/pdf-viewer-v2-highlighting-db7ab--popup-after-text-selection-chromium/test-failed-1.png
    ────────────────────────────────────────────────────────────────────────────────────────────────

    attachment #2: video (video/webm) ──────────────────────────────────────────────────────────────
    ../../test-results/pdf-viewer-v2-highlighting-db7ab--popup-after-text-selection-chromium/video.webm
    ────────────────────────────────────────────────────────────────────────────────────────────────

    Error Context: ../../test-results/pdf-viewer-v2-highlighting-db7ab--popup-after-text-selection-chromium/error-context.md
]]>
</failure>
<system-out>
<![CDATA[
[[ATTACHMENT|../test-results/pdf-viewer-v2-highlighting-db7ab--popup-after-text-selection-chromium/test-failed-1.png]]

[[ATTACHMENT|../test-results/pdf-viewer-v2-highlighting-db7ab--popup-after-text-selection-chromium/video.webm]]

[[ATTACHMENT|../test-results/pdf-viewer-v2-highlighting-db7ab--popup-after-text-selection-chromium/error-context.md]]
]]>
</system-out>
</testcase>
<testcase name="PDF Viewer V2 - Highlighting › Highlight Creation › should save highlight with default color" classname="pdf-viewer-v2/highlighting.spec.ts" time="4.123">
<failure message="highlighting.spec.ts:127:5 should save highlight with default color" type="FAILURE">
<![CDATA[  [chromium] › pdf-viewer-v2/highlighting.spec.ts:127:5 › PDF Viewer V2 - Highlighting › Highlight Creation › should save highlight with default color 

    Error: locator.click: Error: strict mode violation: getByRole('button', { name: /sign in|get started/i }) resolved to 2 elements:
        1) <button class="hidden rounded-full px-4 py-2 text-slate-600 transition hover:text-slate-900 lg:inline-flex">Sign in</button> aka getByRole('button', { name: 'Sign in' })
        2) <button class="w-full rounded-full px-4 py-3 text-sm font-semibold transition border border-slate-300 text-slate-700 hover:bg-slate-50">Get Started Free</button> aka getByRole('button', { name: 'Get Started Free' })

    Call log:
      - waiting for getByRole('button', { name: /sign in|get started/i })


       at helpers/auth.ts:20

      18 |   
      19 |   // Click sign in
    > 20 |   await page.getByRole('button', { name: /sign in|get started/i }).click();
         |                                                                    ^
      21 |   
      22 |   // Wait for auth modal
      23 |   await page.waitForSelector('[role="dialog"]', { state: 'visible' });
        at signInAsTestUser (/Users/aminamouhadi/smart-reader-serverless/tests/e2e/helpers/auth.ts:20:68)
        at ensureAuthenticated (/Users/aminamouhadi/smart-reader-serverless/tests/e2e/helpers/auth.ts:39:5)
        at /Users/aminamouhadi/smart-reader-serverless/tests/e2e/pdf-viewer-v2/highlighting.spec.ts:27:29

    attachment #1: screenshot (image/png) ──────────────────────────────────────────────────────────
    ../../test-results/pdf-viewer-v2-highlighting-53b3d-ighlight-with-default-color-chromium/test-failed-1.png
    ────────────────────────────────────────────────────────────────────────────────────────────────

    attachment #2: video (video/webm) ──────────────────────────────────────────────────────────────
    ../../test-results/pdf-viewer-v2-highlighting-53b3d-ighlight-with-default-color-chromium/video.webm
    ────────────────────────────────────────────────────────────────────────────────────────────────

    Error Context: ../../test-results/pdf-viewer-v2-highlighting-53b3d-ighlight-with-default-color-chromium/error-context.md
]]>
</failure>
<system-out>
<![CDATA[
[[ATTACHMENT|../test-results/pdf-viewer-v2-highlighting-53b3d-ighlight-with-default-color-chromium/test-failed-1.png]]

[[ATTACHMENT|../test-results/pdf-viewer-v2-highlighting-53b3d-ighlight-with-default-color-chromium/video.webm]]

[[ATTACHMENT|../test-results/pdf-viewer-v2-highlighting-53b3d-ighlight-with-default-color-chromium/error-context.md]]
]]>
</system-out>
</testcase>
<testcase name="PDF Viewer V2 - Highlighting › Highlight Creation › should allow color selection for highlights" classname="pdf-viewer-v2/highlighting.spec.ts" time="3.799">
<failure message="highlighting.spec.ts:176:5 should allow color selection for highlights" type="FAILURE">
<![CDATA[  [chromium] › pdf-viewer-v2/highlighting.spec.ts:176:5 › PDF Viewer V2 - Highlighting › Highlight Creation › should allow color selection for highlights 

    Error: locator.click: Error: strict mode violation: getByRole('button', { name: /sign in|get started/i }) resolved to 2 elements:
        1) <button class="hidden rounded-full px-4 py-2 text-slate-600 transition hover:text-slate-900 lg:inline-flex">Sign in</button> aka getByRole('button', { name: 'Sign in' })
        2) <button class="w-full rounded-full px-4 py-3 text-sm font-semibold transition border border-slate-300 text-slate-700 hover:bg-slate-50">Get Started Free</button> aka getByRole('button', { name: 'Get Started Free' })

    Call log:
      - waiting for getByRole('button', { name: /sign in|get started/i })


       at helpers/auth.ts:20

      18 |   
      19 |   // Click sign in
    > 20 |   await page.getByRole('button', { name: /sign in|get started/i }).click();
         |                                                                    ^
      21 |   
      22 |   // Wait for auth modal
      23 |   await page.waitForSelector('[role="dialog"]', { state: 'visible' });
        at signInAsTestUser (/Users/aminamouhadi/smart-reader-serverless/tests/e2e/helpers/auth.ts:20:68)
        at ensureAuthenticated (/Users/aminamouhadi/smart-reader-serverless/tests/e2e/helpers/auth.ts:39:5)
        at /Users/aminamouhadi/smart-reader-serverless/tests/e2e/pdf-viewer-v2/highlighting.spec.ts:27:29

    attachment #1: screenshot (image/png) ──────────────────────────────────────────────────────────
    ../../test-results/pdf-viewer-v2-highlighting-ee700-or-selection-for-highlights-chromium/test-failed-1.png
    ────────────────────────────────────────────────────────────────────────────────────────────────

    attachment #2: video (video/webm) ──────────────────────────────────────────────────────────────
    ../../test-results/pdf-viewer-v2-highlighting-ee700-or-selection-for-highlights-chromium/video.webm
    ────────────────────────────────────────────────────────────────────────────────────────────────

    Error Context: ../../test-results/pdf-viewer-v2-highlighting-ee700-or-selection-for-highlights-chromium/error-context.md
]]>
</failure>
<system-out>
<![CDATA[
[[ATTACHMENT|../test-results/pdf-viewer-v2-highlighting-ee700-or-selection-for-highlights-chromium/test-failed-1.png]]

[[ATTACHMENT|../test-results/pdf-viewer-v2-highlighting-ee700-or-selection-for-highlights-chromium/video.webm]]

[[ATTACHMENT|../test-results/pdf-viewer-v2-highlighting-ee700-or-selection-for-highlights-chromium/error-context.md]]
]]>
</system-out>
</testcase>
<testcase name="PDF Viewer V2 - Highlighting › Highlight Management › should display highlight management panel" classname="pdf-viewer-v2/highlighting.spec.ts" time="3.791">
<failure message="highlighting.spec.ts:228:5 should display highlight management panel" type="FAILURE">
<![CDATA[  [chromium] › pdf-viewer-v2/highlighting.spec.ts:228:5 › PDF Viewer V2 - Highlighting › Highlight Management › should display highlight management panel 

    Error: locator.click: Error: strict mode violation: getByRole('button', { name: /sign in|get started/i }) resolved to 2 elements:
        1) <button class="hidden rounded-full px-4 py-2 text-slate-600 transition hover:text-slate-900 lg:inline-flex">Sign in</button> aka getByRole('button', { name: 'Sign in' })
        2) <button class="w-full rounded-full px-4 py-3 text-sm font-semibold transition border border-slate-300 text-slate-700 hover:bg-slate-50">Get Started Free</button> aka getByRole('button', { name: 'Get Started Free' })

    Call log:
      - waiting for getByRole('button', { name: /sign in|get started/i })


       at helpers/auth.ts:20

      18 |   
      19 |   // Click sign in
    > 20 |   await page.getByRole('button', { name: /sign in|get started/i }).click();
         |                                                                    ^
      21 |   
      22 |   // Wait for auth modal
      23 |   await page.waitForSelector('[role="dialog"]', { state: 'visible' });
        at signInAsTestUser (/Users/aminamouhadi/smart-reader-serverless/tests/e2e/helpers/auth.ts:20:68)
        at ensureAuthenticated (/Users/aminamouhadi/smart-reader-serverless/tests/e2e/helpers/auth.ts:39:5)
        at /Users/aminamouhadi/smart-reader-serverless/tests/e2e/pdf-viewer-v2/highlighting.spec.ts:27:29

    attachment #1: screenshot (image/png) ──────────────────────────────────────────────────────────
    ../../test-results/pdf-viewer-v2-highlighting-5f459--highlight-management-panel-chromium/test-failed-1.png
    ────────────────────────────────────────────────────────────────────────────────────────────────

    attachment #2: video (video/webm) ──────────────────────────────────────────────────────────────
    ../../test-results/pdf-viewer-v2-highlighting-5f459--highlight-management-panel-chromium/video.webm
    ────────────────────────────────────────────────────────────────────────────────────────────────

    Error Context: ../../test-results/pdf-viewer-v2-highlighting-5f459--highlight-management-panel-chromium/error-context.md
]]>
</failure>
<system-out>
<![CDATA[
[[ATTACHMENT|../test-results/pdf-viewer-v2-highlighting-5f459--highlight-management-panel-chromium/test-failed-1.png]]

[[ATTACHMENT|../test-results/pdf-viewer-v2-highlighting-5f459--highlight-management-panel-chromium/video.webm]]

[[ATTACHMENT|../test-results/pdf-viewer-v2-highlighting-5f459--highlight-management-panel-chromium/error-context.md]]
]]>
</system-out>
</testcase>
<testcase name="PDF Viewer V2 - Highlighting › Highlight Management › should list saved highlights in management panel" classname="pdf-viewer-v2/highlighting.spec.ts" time="3.922">
<failure message="highlighting.spec.ts:254:5 should list saved highlights in management panel" type="FAILURE">
<![CDATA[  [chromium] › pdf-viewer-v2/highlighting.spec.ts:254:5 › PDF Viewer V2 - Highlighting › Highlight Management › should list saved highlights in management panel 

    Error: locator.click: Error: strict mode violation: getByRole('button', { name: /sign in|get started/i }) resolved to 2 elements:
        1) <button class="hidden rounded-full px-4 py-2 text-slate-600 transition hover:text-slate-900 lg:inline-flex">Sign in</button> aka getByRole('button', { name: 'Sign in' })
        2) <button class="w-full rounded-full px-4 py-3 text-sm font-semibold transition border border-slate-300 text-slate-700 hover:bg-slate-50">Get Started Free</button> aka getByRole('button', { name: 'Get Started Free' })

    Call log:
      - waiting for getByRole('button', { name: /sign in|get started/i })


       at helpers/auth.ts:20

      18 |   
      19 |   // Click sign in
    > 20 |   await page.getByRole('button', { name: /sign in|get started/i }).click();
         |                                                                    ^
      21 |   
      22 |   // Wait for auth modal
      23 |   await page.waitForSelector('[role="dialog"]', { state: 'visible' });
        at signInAsTestUser (/Users/aminamouhadi/smart-reader-serverless/tests/e2e/helpers/auth.ts:20:68)
        at ensureAuthenticated (/Users/aminamouhadi/smart-reader-serverless/tests/e2e/helpers/auth.ts:39:5)
        at /Users/aminamouhadi/smart-reader-serverless/tests/e2e/pdf-viewer-v2/highlighting.spec.ts:27:29

    attachment #1: screenshot (image/png) ──────────────────────────────────────────────────────────
    ../../test-results/pdf-viewer-v2-highlighting-4d938-hlights-in-management-panel-chromium/test-failed-1.png
    ────────────────────────────────────────────────────────────────────────────────────────────────

    attachment #2: video (video/webm) ──────────────────────────────────────────────────────────────
    ../../test-results/pdf-viewer-v2-highlighting-4d938-hlights-in-management-panel-chromium/video.webm
    ────────────────────────────────────────────────────────────────────────────────────────────────

    Error Context: ../../test-results/pdf-viewer-v2-highlighting-4d938-hlights-in-management-panel-chromium/error-context.md
]]>
</failure>
<system-out>
<![CDATA[
[[ATTACHMENT|../test-results/pdf-viewer-v2-highlighting-4d938-hlights-in-management-panel-chromium/test-failed-1.png]]

[[ATTACHMENT|../test-results/pdf-viewer-v2-highlighting-4d938-hlights-in-management-panel-chromium/video.webm]]

[[ATTACHMENT|../test-results/pdf-viewer-v2-highlighting-4d938-hlights-in-management-panel-chromium/error-context.md]]
]]>
</system-out>
</testcase>
<testcase name="PDF Viewer V2 - Highlighting › Highlight Management › should allow deleting highlights" classname="pdf-viewer-v2/highlighting.spec.ts" time="3.892">
<failure message="highlighting.spec.ts:277:5 should allow deleting highlights" type="FAILURE">
<![CDATA[  [chromium] › pdf-viewer-v2/highlighting.spec.ts:277:5 › PDF Viewer V2 - Highlighting › Highlight Management › should allow deleting highlights 

    Error: locator.click: Error: strict mode violation: getByRole('button', { name: /sign in|get started/i }) resolved to 2 elements:
        1) <button class="hidden rounded-full px-4 py-2 text-slate-600 transition hover:text-slate-900 lg:inline-flex">Sign in</button> aka getByRole('button', { name: 'Sign in' })
        2) <button class="w-full rounded-full px-4 py-3 text-sm font-semibold transition border border-slate-300 text-slate-700 hover:bg-slate-50">Get Started Free</button> aka getByRole('button', { name: 'Get Started Free' })

    Call log:
      - waiting for getByRole('button', { name: /sign in|get started/i })


       at helpers/auth.ts:20

      18 |   
      19 |   // Click sign in
    > 20 |   await page.getByRole('button', { name: /sign in|get started/i }).click();
         |                                                                    ^
      21 |   
      22 |   // Wait for auth modal
      23 |   await page.waitForSelector('[role="dialog"]', { state: 'visible' });
        at signInAsTestUser (/Users/aminamouhadi/smart-reader-serverless/tests/e2e/helpers/auth.ts:20:68)
        at ensureAuthenticated (/Users/aminamouhadi/smart-reader-serverless/tests/e2e/helpers/auth.ts:39:5)
        at /Users/aminamouhadi/smart-reader-serverless/tests/e2e/pdf-viewer-v2/highlighting.spec.ts:27:29

    attachment #1: screenshot (image/png) ──────────────────────────────────────────────────────────
    ../../test-results/pdf-viewer-v2-highlighting-42a4b-d-allow-deleting-highlights-chromium/test-failed-1.png
    ────────────────────────────────────────────────────────────────────────────────────────────────

    attachment #2: video (video/webm) ──────────────────────────────────────────────────────────────
    ../../test-results/pdf-viewer-v2-highlighting-42a4b-d-allow-deleting-highlights-chromium/video.webm
    ────────────────────────────────────────────────────────────────────────────────────────────────

    Error Context: ../../test-results/pdf-viewer-v2-highlighting-42a4b-d-allow-deleting-highlights-chromium/error-context.md
]]>
</failure>
<system-out>
<![CDATA[
[[ATTACHMENT|../test-results/pdf-viewer-v2-highlighting-42a4b-d-allow-deleting-highlights-chromium/test-failed-1.png]]

[[ATTACHMENT|../test-results/pdf-viewer-v2-highlighting-42a4b-d-allow-deleting-highlights-chromium/video.webm]]

[[ATTACHMENT|../test-results/pdf-viewer-v2-highlighting-42a4b-d-allow-deleting-highlights-chromium/error-context.md]]
]]>
</system-out>
</testcase>
<testcase name="PDF Viewer V2 - Highlighting › Highlight Persistence › should persist highlights across page navigation" classname="pdf-viewer-v2/highlighting.spec.ts" time="3.797">
<failure message="highlighting.spec.ts:321:5 should persist highlights across page navigation" type="FAILURE">
<![CDATA[  [chromium] › pdf-viewer-v2/highlighting.spec.ts:321:5 › PDF Viewer V2 - Highlighting › Highlight Persistence › should persist highlights across page navigation 

    Error: locator.click: Error: strict mode violation: getByRole('button', { name: /sign in|get started/i }) resolved to 2 elements:
        1) <button class="hidden rounded-full px-4 py-2 text-slate-600 transition hover:text-slate-900 lg:inline-flex">Sign in</button> aka getByRole('button', { name: 'Sign in' })
        2) <button class="w-full rounded-full px-4 py-3 text-sm font-semibold transition border border-slate-300 text-slate-700 hover:bg-slate-50">Get Started Free</button> aka getByRole('button', { name: 'Get Started Free' })

    Call log:
      - waiting for getByRole('button', { name: /sign in|get started/i })


       at helpers/auth.ts:20

      18 |   
      19 |   // Click sign in
    > 20 |   await page.getByRole('button', { name: /sign in|get started/i }).click();
         |                                                                    ^
      21 |   
      22 |   // Wait for auth modal
      23 |   await page.waitForSelector('[role="dialog"]', { state: 'visible' });
        at signInAsTestUser (/Users/aminamouhadi/smart-reader-serverless/tests/e2e/helpers/auth.ts:20:68)
        at ensureAuthenticated (/Users/aminamouhadi/smart-reader-serverless/tests/e2e/helpers/auth.ts:39:5)
        at /Users/aminamouhadi/smart-reader-serverless/tests/e2e/pdf-viewer-v2/highlighting.spec.ts:27:29

    attachment #1: screenshot (image/png) ──────────────────────────────────────────────────────────
    ../../test-results/pdf-viewer-v2-highlighting-b381d-ghts-across-page-navigation-chromium/test-failed-1.png
    ────────────────────────────────────────────────────────────────────────────────────────────────

    attachment #2: video (video/webm) ──────────────────────────────────────────────────────────────
    ../../test-results/pdf-viewer-v2-highlighting-b381d-ghts-across-page-navigation-chromium/video.webm
    ────────────────────────────────────────────────────────────────────────────────────────────────

    Error Context: ../../test-results/pdf-viewer-v2-highlighting-b381d-ghts-across-page-navigation-chromium/error-context.md
]]>
</failure>
<system-out>
<![CDATA[
[[ATTACHMENT|../test-results/pdf-viewer-v2-highlighting-b381d-ghts-across-page-navigation-chromium/test-failed-1.png]]

[[ATTACHMENT|../test-results/pdf-viewer-v2-highlighting-b381d-ghts-across-page-navigation-chromium/video.webm]]

[[ATTACHMENT|../test-results/pdf-viewer-v2-highlighting-b381d-ghts-across-page-navigation-chromium/error-context.md]]
]]>
</system-out>
</testcase>
</testsuite>
<testsuite name="pdf-viewer-v2/features.spec.ts" timestamp="2025-11-20T10:25:26.418Z" hostname="firefox" tests="11" failures="11" skipped="0" time="0.015" errors="0">
<testcase name="PDF Viewer V2 - Features › Page Navigation › should navigate to next page" classname="pdf-viewer-v2/features.spec.ts" time="0.002">
<failure message="features.spec.ts:38:5 should navigate to next page" type="FAILURE">
<![CDATA[  [firefox] › pdf-viewer-v2/features.spec.ts:38:5 › PDF Viewer V2 - Features › Page Navigation › should navigate to next page 

    Error: browserType.launch: Executable doesn't exist at /Users/aminamouhadi/Library/Caches/ms-playwright/firefox-1495/firefox/Nightly.app/Contents/MacOS/firefox
    ╔═════════════════════════════════════════════════════════════════════════╗
    ║ Looks like Playwright Test or Playwright was just installed or updated. ║
    ║ Please run the following command to download new browsers:              ║
    ║                                                                         ║
    ║     npx playwright install                                              ║
    ║                                                                         ║
    ║ <3 Playwright Team                                                      ║
    ╚═════════════════════════════════════════════════════════════════════════╝
]]>
</failure>
</testcase>
<testcase name="PDF Viewer V2 - Features › Page Navigation › should navigate to previous page" classname="pdf-viewer-v2/features.spec.ts" time="0.001">
<failure message="features.spec.ts:79:5 should navigate to previous page" type="FAILURE">
<![CDATA[  [firefox] › pdf-viewer-v2/features.spec.ts:79:5 › PDF Viewer V2 - Features › Page Navigation › should navigate to previous page 

    Error: browserType.launch: Executable doesn't exist at /Users/aminamouhadi/Library/Caches/ms-playwright/firefox-1495/firefox/Nightly.app/Contents/MacOS/firefox
    ╔═════════════════════════════════════════════════════════════════════════╗
    ║ Looks like Playwright Test or Playwright was just installed or updated. ║
    ║ Please run the following command to download new browsers:              ║
    ║                                                                         ║
    ║     npx playwright install                                              ║
    ║                                                                         ║
    ║ <3 Playwright Team                                                      ║
    ╚═════════════════════════════════════════════════════════════════════════╝
]]>
</failure>
</testcase>
<testcase name="PDF Viewer V2 - Features › Page Navigation › should navigate to first page" classname="pdf-viewer-v2/features.spec.ts" time="0.001">
<failure message="features.spec.ts:123:5 should navigate to first page" type="FAILURE">
<![CDATA[  [firefox] › pdf-viewer-v2/features.spec.ts:123:5 › PDF Viewer V2 - Features › Page Navigation › should navigate to first page 

    Error: browserType.launch: Executable doesn't exist at /Users/aminamouhadi/Library/Caches/ms-playwright/firefox-1495/firefox/Nightly.app/Contents/MacOS/firefox
    ╔═════════════════════════════════════════════════════════════════════════╗
    ║ Looks like Playwright Test or Playwright was just installed or updated. ║
    ║ Please run the following command to download new browsers:              ║
    ║                                                                         ║
    ║     npx playwright install                                              ║
    ║                                                                         ║
    ║ <3 Playwright Team                                                      ║
    ╚═════════════════════════════════════════════════════════════════════════╝
]]>
</failure>
</testcase>
<testcase name="PDF Viewer V2 - Features › Zoom Functionality › should zoom in" classname="pdf-viewer-v2/features.spec.ts" time="0.001">
<failure message="features.spec.ts:163:5 should zoom in" type="FAILURE">
<![CDATA[  [firefox] › pdf-viewer-v2/features.spec.ts:163:5 › PDF Viewer V2 - Features › Zoom Functionality › should zoom in 

    Error: browserType.launch: Executable doesn't exist at /Users/aminamouhadi/Library/Caches/ms-playwright/firefox-1495/firefox/Nightly.app/Contents/MacOS/firefox
    ╔═════════════════════════════════════════════════════════════════════════╗
    ║ Looks like Playwright Test or Playwright was just installed or updated. ║
    ║ Please run the following command to download new browsers:              ║
    ║                                                                         ║
    ║     npx playwright install                                              ║
    ║                                                                         ║
    ║ <3 Playwright Team                                                      ║
    ╚═════════════════════════════════════════════════════════════════════════╝
]]>
</failure>
</testcase>
<testcase name="PDF Viewer V2 - Features › Zoom Functionality › should zoom out" classname="pdf-viewer-v2/features.spec.ts" time="0.002">
<failure message="features.spec.ts:200:5 should zoom out" type="FAILURE">
<![CDATA[  [firefox] › pdf-viewer-v2/features.spec.ts:200:5 › PDF Viewer V2 - Features › Zoom Functionality › should zoom out 

    Error: browserType.launch: Executable doesn't exist at /Users/aminamouhadi/Library/Caches/ms-playwright/firefox-1495/firefox/Nightly.app/Contents/MacOS/firefox
    ╔═════════════════════════════════════════════════════════════════════════╗
    ║ Looks like Playwright Test or Playwright was just installed or updated. ║
    ║ Please run the following command to download new browsers:              ║
    ║                                                                         ║
    ║     npx playwright install                                              ║
    ║                                                                         ║
    ║ <3 Playwright Team                                                      ║
    ╚═════════════════════════════════════════════════════════════════════════╝
]]>
</failure>
</testcase>
<testcase name="PDF Viewer V2 - Features › Rotation › should rotate PDF clockwise" classname="pdf-viewer-v2/features.spec.ts" time="0.002">
<failure message="features.spec.ts:240:5 should rotate PDF clockwise" type="FAILURE">
<![CDATA[  [firefox] › pdf-viewer-v2/features.spec.ts:240:5 › PDF Viewer V2 - Features › Rotation › should rotate PDF clockwise 

    Error: browserType.launch: Executable doesn't exist at /Users/aminamouhadi/Library/Caches/ms-playwright/firefox-1495/firefox/Nightly.app/Contents/MacOS/firefox
    ╔═════════════════════════════════════════════════════════════════════════╗
    ║ Looks like Playwright Test or Playwright was just installed or updated. ║
    ║ Please run the following command to download new browsers:              ║
    ║                                                                         ║
    ║     npx playwright install                                              ║
    ║                                                                         ║
    ║ <3 Playwright Team                                                      ║
    ╚═════════════════════════════════════════════════════════════════════════╝
]]>
</failure>
</testcase>
<testcase name="PDF Viewer V2 - Features › Search Functionality › should open search dialog" classname="pdf-viewer-v2/features.spec.ts" time="0.001">
<failure message="features.spec.ts:270:5 should open search dialog" type="FAILURE">
<![CDATA[  [firefox] › pdf-viewer-v2/features.spec.ts:270:5 › PDF Viewer V2 - Features › Search Functionality › should open search dialog 

    Error: browserType.launch: Executable doesn't exist at /Users/aminamouhadi/Library/Caches/ms-playwright/firefox-1495/firefox/Nightly.app/Contents/MacOS/firefox
    ╔═════════════════════════════════════════════════════════════════════════╗
    ║ Looks like Playwright Test or Playwright was just installed or updated. ║
    ║ Please run the following command to download new browsers:              ║
    ║                                                                         ║
    ║     npx playwright install                                              ║
    ║                                                                         ║
    ║ <3 Playwright Team                                                      ║
    ╚═════════════════════════════════════════════════════════════════════════╝
]]>
</failure>
</testcase>
<testcase name="PDF Viewer V2 - Features › Search Functionality › should search for text in PDF" classname="pdf-viewer-v2/features.spec.ts" time="0.002">
<failure message="features.spec.ts:302:5 should search for text in PDF" type="FAILURE">
<![CDATA[  [firefox] › pdf-viewer-v2/features.spec.ts:302:5 › PDF Viewer V2 - Features › Search Functionality › should search for text in PDF 

    Error: browserType.launch: Executable doesn't exist at /Users/aminamouhadi/Library/Caches/ms-playwright/firefox-1495/firefox/Nightly.app/Contents/MacOS/firefox
    ╔═════════════════════════════════════════════════════════════════════════╗
    ║ Looks like Playwright Test or Playwright was just installed or updated. ║
    ║ Please run the following command to download new browsers:              ║
    ║                                                                         ║
    ║     npx playwright install                                              ║
    ║                                                                         ║
    ║ <3 Playwright Team                                                      ║
    ╚═════════════════════════════════════════════════════════════════════════╝
]]>
</failure>
</testcase>
<testcase name="PDF Viewer V2 - Features › Reading Mode › should toggle reading mode" classname="pdf-viewer-v2/features.spec.ts" time="0.001">
<failure message="features.spec.ts:338:5 should toggle reading mode" type="FAILURE">
<![CDATA[  [firefox] › pdf-viewer-v2/features.spec.ts:338:5 › PDF Viewer V2 - Features › Reading Mode › should toggle reading mode 

    Error: browserType.launch: Executable doesn't exist at /Users/aminamouhadi/Library/Caches/ms-playwright/firefox-1495/firefox/Nightly.app/Contents/MacOS/firefox
    ╔═════════════════════════════════════════════════════════════════════════╗
    ║ Looks like Playwright Test or Playwright was just installed or updated. ║
    ║ Please run the following command to download new browsers:              ║
    ║                                                                         ║
    ║     npx playwright install                                              ║
    ║                                                                         ║
    ║ <3 Playwright Team                                                      ║
    ╚═════════════════════════════════════════════════════════════════════════╝
]]>
</failure>
</testcase>
<testcase name="PDF Viewer V2 - Features › Notes Integration › should open notes panel" classname="pdf-viewer-v2/features.spec.ts" time="0.001">
<failure message="features.spec.ts:372:5 should open notes panel" type="FAILURE">
<![CDATA[  [firefox] › pdf-viewer-v2/features.spec.ts:372:5 › PDF Viewer V2 - Features › Notes Integration › should open notes panel 

    Error: browserType.launch: Executable doesn't exist at /Users/aminamouhadi/Library/Caches/ms-playwright/firefox-1495/firefox/Nightly.app/Contents/MacOS/firefox
    ╔═════════════════════════════════════════════════════════════════════════╗
    ║ Looks like Playwright Test or Playwright was just installed or updated. ║
    ║ Please run the following command to download new browsers:              ║
    ║                                                                         ║
    ║     npx playwright install                                              ║
    ║                                                                         ║
    ║ <3 Playwright Team                                                      ║
    ╚═════════════════════════════════════════════════════════════════════════╝
]]>
</failure>
</testcase>
<testcase name="PDF Viewer V2 - Features › TTS Integration › should display TTS controls" classname="pdf-viewer-v2/features.spec.ts" time="0.001">
<failure message="features.spec.ts:396:5 should display TTS controls" type="FAILURE">
<![CDATA[  [firefox] › pdf-viewer-v2/features.spec.ts:396:5 › PDF Viewer V2 - Features › TTS Integration › should display TTS controls 

    Error: browserType.launch: Executable doesn't exist at /Users/aminamouhadi/Library/Caches/ms-playwright/firefox-1495/firefox/Nightly.app/Contents/MacOS/firefox
    ╔═════════════════════════════════════════════════════════════════════════╗
    ║ Looks like Playwright Test or Playwright was just installed or updated. ║
    ║ Please run the following command to download new browsers:              ║
    ║                                                                         ║
    ║     npx playwright install                                              ║
    ║                                                                         ║
    ║ <3 Playwright Team                                                      ║
    ╚═════════════════════════════════════════════════════════════════════════╝
]]>
</failure>
</testcase>
</testsuite>
<testsuite name="pdf-viewer-v2/highlighting.spec.ts" timestamp="2025-11-20T10:25:26.418Z" hostname="firefox" tests="9" failures="9" skipped="0" time="0.015" errors="0">
<testcase name="PDF Viewer V2 - Highlighting › Highlight Creation › should display PDF viewer when document is loaded" classname="pdf-viewer-v2/highlighting.spec.ts" time="0.002">
<failure message="highlighting.spec.ts:37:5 should display PDF viewer when document is loaded" type="FAILURE">
<![CDATA[  [firefox] › pdf-viewer-v2/highlighting.spec.ts:37:5 › PDF Viewer V2 - Highlighting › Highlight Creation › should display PDF viewer when document is loaded 

    Error: browserType.launch: Executable doesn't exist at /Users/aminamouhadi/Library/Caches/ms-playwright/firefox-1495/firefox/Nightly.app/Contents/MacOS/firefox
    ╔═════════════════════════════════════════════════════════════════════════╗
    ║ Looks like Playwright Test or Playwright was just installed or updated. ║
    ║ Please run the following command to download new browsers:              ║
    ║                                                                         ║
    ║     npx playwright install                                              ║
    ║                                                                         ║
    ║ <3 Playwright Team                                                      ║
    ╚═════════════════════════════════════════════════════════════════════════╝
]]>
</failure>
</testcase>
<testcase name="PDF Viewer V2 - Highlighting › Highlight Creation › should allow text selection in PDF" classname="pdf-viewer-v2/highlighting.spec.ts" time="0.002">
<failure message="highlighting.spec.ts:53:5 should allow text selection in PDF" type="FAILURE">
<![CDATA[  [firefox] › pdf-viewer-v2/highlighting.spec.ts:53:5 › PDF Viewer V2 - Highlighting › Highlight Creation › should allow text selection in PDF 

    Error: browserType.launch: Executable doesn't exist at /Users/aminamouhadi/Library/Caches/ms-playwright/firefox-1495/firefox/Nightly.app/Contents/MacOS/firefox
    ╔═════════════════════════════════════════════════════════════════════════╗
    ║ Looks like Playwright Test or Playwright was just installed or updated. ║
    ║ Please run the following command to download new browsers:              ║
    ║                                                                         ║
    ║     npx playwright install                                              ║
    ║                                                                         ║
    ║ <3 Playwright Team                                                      ║
    ╚═════════════════════════════════════════════════════════════════════════╝
]]>
</failure>
</testcase>
<testcase name="PDF Viewer V2 - Highlighting › Highlight Creation › should show highlight popup after text selection" classname="pdf-viewer-v2/highlighting.spec.ts" time="0.001">
<failure message="highlighting.spec.ts:87:5 should show highlight popup after text selection" type="FAILURE">
<![CDATA[  [firefox] › pdf-viewer-v2/highlighting.spec.ts:87:5 › PDF Viewer V2 - Highlighting › Highlight Creation › should show highlight popup after text selection 

    Error: browserType.launch: Executable doesn't exist at /Users/aminamouhadi/Library/Caches/ms-playwright/firefox-1495/firefox/Nightly.app/Contents/MacOS/firefox
    ╔═════════════════════════════════════════════════════════════════════════╗
    ║ Looks like Playwright Test or Playwright was just installed or updated. ║
    ║ Please run the following command to download new browsers:              ║
    ║                                                                         ║
    ║     npx playwright install                                              ║
    ║                                                                         ║
    ║ <3 Playwright Team                                                      ║
    ╚═════════════════════════════════════════════════════════════════════════╝
]]>
</failure>
</testcase>
<testcase name="PDF Viewer V2 - Highlighting › Highlight Creation › should save highlight with default color" classname="pdf-viewer-v2/highlighting.spec.ts" time="0.001">
<failure message="highlighting.spec.ts:127:5 should save highlight with default color" type="FAILURE">
<![CDATA[  [firefox] › pdf-viewer-v2/highlighting.spec.ts:127:5 › PDF Viewer V2 - Highlighting › Highlight Creation › should save highlight with default color 

    Error: browserType.launch: Executable doesn't exist at /Users/aminamouhadi/Library/Caches/ms-playwright/firefox-1495/firefox/Nightly.app/Contents/MacOS/firefox
    ╔═════════════════════════════════════════════════════════════════════════╗
    ║ Looks like Playwright Test or Playwright was just installed or updated. ║
    ║ Please run the following command to download new browsers:              ║
    ║                                                                         ║
    ║     npx playwright install                                              ║
    ║                                                                         ║
    ║ <3 Playwright Team                                                      ║
    ╚═════════════════════════════════════════════════════════════════════════╝
]]>
</failure>
</testcase>
<testcase name="PDF Viewer V2 - Highlighting › Highlight Creation › should allow color selection for highlights" classname="pdf-viewer-v2/highlighting.spec.ts" time="0.001">
<failure message="highlighting.spec.ts:176:5 should allow color selection for highlights" type="FAILURE">
<![CDATA[  [firefox] › pdf-viewer-v2/highlighting.spec.ts:176:5 › PDF Viewer V2 - Highlighting › Highlight Creation › should allow color selection for highlights 

    Error: browserType.launch: Executable doesn't exist at /Users/aminamouhadi/Library/Caches/ms-playwright/firefox-1495/firefox/Nightly.app/Contents/MacOS/firefox
    ╔═════════════════════════════════════════════════════════════════════════╗
    ║ Looks like Playwright Test or Playwright was just installed or updated. ║
    ║ Please run the following command to download new browsers:              ║
    ║                                                                         ║
    ║     npx playwright install                                              ║
    ║                                                                         ║
    ║ <3 Playwright Team                                                      ║
    ╚═════════════════════════════════════════════════════════════════════════╝
]]>
</failure>
</testcase>
<testcase name="PDF Viewer V2 - Highlighting › Highlight Management › should display highlight management panel" classname="pdf-viewer-v2/highlighting.spec.ts" time="0.002">
<failure message="highlighting.spec.ts:228:5 should display highlight management panel" type="FAILURE">
<![CDATA[  [firefox] › pdf-viewer-v2/highlighting.spec.ts:228:5 › PDF Viewer V2 - Highlighting › Highlight Management › should display highlight management panel 

    Error: browserType.launch: Executable doesn't exist at /Users/aminamouhadi/Library/Caches/ms-playwright/firefox-1495/firefox/Nightly.app/Contents/MacOS/firefox
    ╔═════════════════════════════════════════════════════════════════════════╗
    ║ Looks like Playwright Test or Playwright was just installed or updated. ║
    ║ Please run the following command to download new browsers:              ║
    ║                                                                         ║
    ║     npx playwright install                                              ║
    ║                                                                         ║
    ║ <3 Playwright Team                                                      ║
    ╚═════════════════════════════════════════════════════════════════════════╝
]]>
</failure>
</testcase>
<testcase name="PDF Viewer V2 - Highlighting › Highlight Management › should list saved highlights in management panel" classname="pdf-viewer-v2/highlighting.spec.ts" time="0.002">
<failure message="highlighting.spec.ts:254:5 should list saved highlights in management panel" type="FAILURE">
<![CDATA[  [firefox] › pdf-viewer-v2/highlighting.spec.ts:254:5 › PDF Viewer V2 - Highlighting › Highlight Management › should list saved highlights in management panel 

    Error: browserType.launch: Executable doesn't exist at /Users/aminamouhadi/Library/Caches/ms-playwright/firefox-1495/firefox/Nightly.app/Contents/MacOS/firefox
    ╔═════════════════════════════════════════════════════════════════════════╗
    ║ Looks like Playwright Test or Playwright was just installed or updated. ║
    ║ Please run the following command to download new browsers:              ║
    ║                                                                         ║
    ║     npx playwright install                                              ║
    ║                                                                         ║
    ║ <3 Playwright Team                                                      ║
    ╚═════════════════════════════════════════════════════════════════════════╝
]]>
</failure>
</testcase>
<testcase name="PDF Viewer V2 - Highlighting › Highlight Management › should allow deleting highlights" classname="pdf-viewer-v2/highlighting.spec.ts" time="0.002">
<failure message="highlighting.spec.ts:277:5 should allow deleting highlights" type="FAILURE">
<![CDATA[  [firefox] › pdf-viewer-v2/highlighting.spec.ts:277:5 › PDF Viewer V2 - Highlighting › Highlight Management › should allow deleting highlights 

    Error: browserType.launch: Executable doesn't exist at /Users/aminamouhadi/Library/Caches/ms-playwright/firefox-1495/firefox/Nightly.app/Contents/MacOS/firefox
    ╔═════════════════════════════════════════════════════════════════════════╗
    ║ Looks like Playwright Test or Playwright was just installed or updated. ║
    ║ Please run the following command to download new browsers:              ║
    ║                                                                         ║
    ║     npx playwright install                                              ║
    ║                                                                         ║
    ║ <3 Playwright Team                                                      ║
    ╚═════════════════════════════════════════════════════════════════════════╝
]]>
</failure>
</testcase>
<testcase name="PDF Viewer V2 - Highlighting › Highlight Persistence › should persist highlights across page navigation" classname="pdf-viewer-v2/highlighting.spec.ts" time="0.002">
<failure message="highlighting.spec.ts:321:5 should persist highlights across page navigation" type="FAILURE">
<![CDATA[  [firefox] › pdf-viewer-v2/highlighting.spec.ts:321:5 › PDF Viewer V2 - Highlighting › Highlight Persistence › should persist highlights across page navigation 

    Error: browserType.launch: Executable doesn't exist at /Users/aminamouhadi/Library/Caches/ms-playwright/firefox-1495/firefox/Nightly.app/Contents/MacOS/firefox
    ╔═════════════════════════════════════════════════════════════════════════╗
    ║ Looks like Playwright Test or Playwright was just installed or updated. ║
    ║ Please run the following command to download new browsers:              ║
    ║                                                                         ║
    ║     npx playwright install                                              ║
    ║                                                                         ║
    ║ <3 Playwright Team                                                      ║
    ╚═════════════════════════════════════════════════════════════════════════╝
]]>
</failure>
</testcase>
</testsuite>
<testsuite name="pdf-viewer-v2/features.spec.ts" timestamp="2025-11-20T10:25:26.418Z" hostname="webkit" tests="11" failures="11" skipped="0" time="0.012" errors="0">
<testcase name="PDF Viewer V2 - Features › Page Navigation › should navigate to next page" classname="pdf-viewer-v2/features.spec.ts" time="0.001">
<failure message="features.spec.ts:38:5 should navigate to next page" type="FAILURE">
<![CDATA[  [webkit] › pdf-viewer-v2/features.spec.ts:38:5 › PDF Viewer V2 - Features › Page Navigation › should navigate to next page 

    Error: browserType.launch: Executable doesn't exist at /Users/aminamouhadi/Library/Caches/ms-playwright/webkit-2215/pw_run.sh
    ╔═════════════════════════════════════════════════════════════════════════╗
    ║ Looks like Playwright Test or Playwright was just installed or updated. ║
    ║ Please run the following command to download new browsers:              ║
    ║                                                                         ║
    ║     npx playwright install                                              ║
    ║                                                                         ║
    ║ <3 Playwright Team                                                      ║
    ╚═════════════════════════════════════════════════════════════════════════╝
]]>
</failure>
</testcase>
<testcase name="PDF Viewer V2 - Features › Page Navigation › should navigate to previous page" classname="pdf-viewer-v2/features.spec.ts" time="0.001">
<failure message="features.spec.ts:79:5 should navigate to previous page" type="FAILURE">
<![CDATA[  [webkit] › pdf-viewer-v2/features.spec.ts:79:5 › PDF Viewer V2 - Features › Page Navigation › should navigate to previous page 

    Error: browserType.launch: Executable doesn't exist at /Users/aminamouhadi/Library/Caches/ms-playwright/webkit-2215/pw_run.sh
    ╔═════════════════════════════════════════════════════════════════════════╗
    ║ Looks like Playwright Test or Playwright was just installed or updated. ║
    ║ Please run the following command to download new browsers:              ║
    ║                                                                         ║
    ║     npx playwright install                                              ║
    ║                                                                         ║
    ║ <3 Playwright Team                                                      ║
    ╚═════════════════════════════════════════════════════════════════════════╝
]]>
</failure>
</testcase>
<testcase name="PDF Viewer V2 - Features › Page Navigation › should navigate to first page" classname="pdf-viewer-v2/features.spec.ts" time="0.001">
<failure message="features.spec.ts:123:5 should navigate to first page" type="FAILURE">
<![CDATA[  [webkit] › pdf-viewer-v2/features.spec.ts:123:5 › PDF Viewer V2 - Features › Page Navigation › should navigate to first page 

    Error: browserType.launch: Executable doesn't exist at /Users/aminamouhadi/Library/Caches/ms-playwright/webkit-2215/pw_run.sh
    ╔═════════════════════════════════════════════════════════════════════════╗
    ║ Looks like Playwright Test or Playwright was just installed or updated. ║
    ║ Please run the following command to download new browsers:              ║
    ║                                                                         ║
    ║     npx playwright install                                              ║
    ║                                                                         ║
    ║ <3 Playwright Team                                                      ║
    ╚═════════════════════════════════════════════════════════════════════════╝
]]>
</failure>
</testcase>
<testcase name="PDF Viewer V2 - Features › Zoom Functionality › should zoom in" classname="pdf-viewer-v2/features.spec.ts" time="0.002">
<failure message="features.spec.ts:163:5 should zoom in" type="FAILURE">
<![CDATA[  [webkit] › pdf-viewer-v2/features.spec.ts:163:5 › PDF Viewer V2 - Features › Zoom Functionality › should zoom in 

    Error: browserType.launch: Executable doesn't exist at /Users/aminamouhadi/Library/Caches/ms-playwright/webkit-2215/pw_run.sh
    ╔═════════════════════════════════════════════════════════════════════════╗
    ║ Looks like Playwright Test or Playwright was just installed or updated. ║
    ║ Please run the following command to download new browsers:              ║
    ║                                                                         ║
    ║     npx playwright install                                              ║
    ║                                                                         ║
    ║ <3 Playwright Team                                                      ║
    ╚═════════════════════════════════════════════════════════════════════════╝
]]>
</failure>
</testcase>
<testcase name="PDF Viewer V2 - Features › Zoom Functionality › should zoom out" classname="pdf-viewer-v2/features.spec.ts" time="0.001">
<failure message="features.spec.ts:200:5 should zoom out" type="FAILURE">
<![CDATA[  [webkit] › pdf-viewer-v2/features.spec.ts:200:5 › PDF Viewer V2 - Features › Zoom Functionality › should zoom out 

    Error: browserType.launch: Executable doesn't exist at /Users/aminamouhadi/Library/Caches/ms-playwright/webkit-2215/pw_run.sh
    ╔═════════════════════════════════════════════════════════════════════════╗
    ║ Looks like Playwright Test or Playwright was just installed or updated. ║
    ║ Please run the following command to download new browsers:              ║
    ║                                                                         ║
    ║     npx playwright install                                              ║
    ║                                                                         ║
    ║ <3 Playwright Team                                                      ║
    ╚═════════════════════════════════════════════════════════════════════════╝
]]>
</failure>
</testcase>
<testcase name="PDF Viewer V2 - Features › Rotation › should rotate PDF clockwise" classname="pdf-viewer-v2/features.spec.ts" time="0.001">
<failure message="features.spec.ts:240:5 should rotate PDF clockwise" type="FAILURE">
<![CDATA[  [webkit] › pdf-viewer-v2/features.spec.ts:240:5 › PDF Viewer V2 - Features › Rotation › should rotate PDF clockwise 

    Error: browserType.launch: Executable doesn't exist at /Users/aminamouhadi/Library/Caches/ms-playwright/webkit-2215/pw_run.sh
    ╔═════════════════════════════════════════════════════════════════════════╗
    ║ Looks like Playwright Test or Playwright was just installed or updated. ║
    ║ Please run the following command to download new browsers:              ║
    ║                                                                         ║
    ║     npx playwright install                                              ║
    ║                                                                         ║
    ║ <3 Playwright Team                                                      ║
    ╚═════════════════════════════════════════════════════════════════════════╝
]]>
</failure>
</testcase>
<testcase name="PDF Viewer V2 - Features › Search Functionality › should open search dialog" classname="pdf-viewer-v2/features.spec.ts" time="0.001">
<failure message="features.spec.ts:270:5 should open search dialog" type="FAILURE">
<![CDATA[  [webkit] › pdf-viewer-v2/features.spec.ts:270:5 › PDF Viewer V2 - Features › Search Functionality › should open search dialog 

    Error: browserType.launch: Executable doesn't exist at /Users/aminamouhadi/Library/Caches/ms-playwright/webkit-2215/pw_run.sh
    ╔═════════════════════════════════════════════════════════════════════════╗
    ║ Looks like Playwright Test or Playwright was just installed or updated. ║
    ║ Please run the following command to download new browsers:              ║
    ║                                                                         ║
    ║     npx playwright install                                              ║
    ║                                                                         ║
    ║ <3 Playwright Team                                                      ║
    ╚═════════════════════════════════════════════════════════════════════════╝
]]>
</failure>
</testcase>
<testcase name="PDF Viewer V2 - Features › Search Functionality › should search for text in PDF" classname="pdf-viewer-v2/features.spec.ts" time="0.001">
<failure message="features.spec.ts:302:5 should search for text in PDF" type="FAILURE">
<![CDATA[  [webkit] › pdf-viewer-v2/features.spec.ts:302:5 › PDF Viewer V2 - Features › Search Functionality › should search for text in PDF 

    Error: browserType.launch: Executable doesn't exist at /Users/aminamouhadi/Library/Caches/ms-playwright/webkit-2215/pw_run.sh
    ╔═════════════════════════════════════════════════════════════════════════╗
    ║ Looks like Playwright Test or Playwright was just installed or updated. ║
    ║ Please run the following command to download new browsers:              ║
    ║                                                                         ║
    ║     npx playwright install                                              ║
    ║                                                                         ║
    ║ <3 Playwright Team                                                      ║
    ╚═════════════════════════════════════════════════════════════════════════╝
]]>
</failure>
</testcase>
<testcase name="PDF Viewer V2 - Features › Reading Mode › should toggle reading mode" classname="pdf-viewer-v2/features.spec.ts" time="0.001">
<failure message="features.spec.ts:338:5 should toggle reading mode" type="FAILURE">
<![CDATA[  [webkit] › pdf-viewer-v2/features.spec.ts:338:5 › PDF Viewer V2 - Features › Reading Mode › should toggle reading mode 

    Error: browserType.launch: Executable doesn't exist at /Users/aminamouhadi/Library/Caches/ms-playwright/webkit-2215/pw_run.sh
    ╔═════════════════════════════════════════════════════════════════════════╗
    ║ Looks like Playwright Test or Playwright was just installed or updated. ║
    ║ Please run the following command to download new browsers:              ║
    ║                                                                         ║
    ║     npx playwright install                                              ║
    ║                                                                         ║
    ║ <3 Playwright Team                                                      ║
    ╚═════════════════════════════════════════════════════════════════════════╝
]]>
</failure>
</testcase>
<testcase name="PDF Viewer V2 - Features › Notes Integration › should open notes panel" classname="pdf-viewer-v2/features.spec.ts" time="0.001">
<failure message="features.spec.ts:372:5 should open notes panel" type="FAILURE">
<![CDATA[  [webkit] › pdf-viewer-v2/features.spec.ts:372:5 › PDF Viewer V2 - Features › Notes Integration › should open notes panel 

    Error: browserType.launch: Executable doesn't exist at /Users/aminamouhadi/Library/Caches/ms-playwright/webkit-2215/pw_run.sh
    ╔═════════════════════════════════════════════════════════════════════════╗
    ║ Looks like Playwright Test or Playwright was just installed or updated. ║
    ║ Please run the following command to download new browsers:              ║
    ║                                                                         ║
    ║     npx playwright install                                              ║
    ║                                                                         ║
    ║ <3 Playwright Team                                                      ║
    ╚═════════════════════════════════════════════════════════════════════════╝
]]>
</failure>
</testcase>
<testcase name="PDF Viewer V2 - Features › TTS Integration › should display TTS controls" classname="pdf-viewer-v2/features.spec.ts" time="0.001">
<failure message="features.spec.ts:396:5 should display TTS controls" type="FAILURE">
<![CDATA[  [webkit] › pdf-viewer-v2/features.spec.ts:396:5 › PDF Viewer V2 - Features › TTS Integration › should display TTS controls 

    Error: browserType.launch: Executable doesn't exist at /Users/aminamouhadi/Library/Caches/ms-playwright/webkit-2215/pw_run.sh
    ╔═════════════════════════════════════════════════════════════════════════╗
    ║ Looks like Playwright Test or Playwright was just installed or updated. ║
    ║ Please run the following command to download new browsers:              ║
    ║                                                                         ║
    ║     npx playwright install                                              ║
    ║                                                                         ║
    ║ <3 Playwright Team                                                      ║
    ╚═════════════════════════════════════════════════════════════════════════╝
]]>
</failure>
</testcase>
</testsuite>
<testsuite name="pdf-viewer-v2/highlighting.spec.ts" timestamp="2025-11-20T10:25:26.418Z" hostname="webkit" tests="9" failures="9" skipped="0" time="0.013" errors="0">
<testcase name="PDF Viewer V2 - Highlighting › Highlight Creation › should display PDF viewer when document is loaded" classname="pdf-viewer-v2/highlighting.spec.ts" time="0.002">
<failure message="highlighting.spec.ts:37:5 should display PDF viewer when document is loaded" type="FAILURE">
<![CDATA[  [webkit] › pdf-viewer-v2/highlighting.spec.ts:37:5 › PDF Viewer V2 - Highlighting › Highlight Creation › should display PDF viewer when document is loaded 

    Error: browserType.launch: Executable doesn't exist at /Users/aminamouhadi/Library/Caches/ms-playwright/webkit-2215/pw_run.sh
    ╔═════════════════════════════════════════════════════════════════════════╗
    ║ Looks like Playwright Test or Playwright was just installed or updated. ║
    ║ Please run the following command to download new browsers:              ║
    ║                                                                         ║
    ║     npx playwright install                                              ║
    ║                                                                         ║
    ║ <3 Playwright Team                                                      ║
    ╚═════════════════════════════════════════════════════════════════════════╝
]]>
</failure>
</testcase>
<testcase name="PDF Viewer V2 - Highlighting › Highlight Creation › should allow text selection in PDF" classname="pdf-viewer-v2/highlighting.spec.ts" time="0.002">
<failure message="highlighting.spec.ts:53:5 should allow text selection in PDF" type="FAILURE">
<![CDATA[  [webkit] › pdf-viewer-v2/highlighting.spec.ts:53:5 › PDF Viewer V2 - Highlighting › Highlight Creation › should allow text selection in PDF 

    Error: browserType.launch: Executable doesn't exist at /Users/aminamouhadi/Library/Caches/ms-playwright/webkit-2215/pw_run.sh
    ╔═════════════════════════════════════════════════════════════════════════╗
    ║ Looks like Playwright Test or Playwright was just installed or updated. ║
    ║ Please run the following command to download new browsers:              ║
    ║                                                                         ║
    ║     npx playwright install                                              ║
    ║                                                                         ║
    ║ <3 Playwright Team                                                      ║
    ╚═════════════════════════════════════════════════════════════════════════╝
]]>
</failure>
</testcase>
<testcase name="PDF Viewer V2 - Highlighting › Highlight Creation › should show highlight popup after text selection" classname="pdf-viewer-v2/highlighting.spec.ts" time="0.002">
<failure message="highlighting.spec.ts:87:5 should show highlight popup after text selection" type="FAILURE">
<![CDATA[  [webkit] › pdf-viewer-v2/highlighting.spec.ts:87:5 › PDF Viewer V2 - Highlighting › Highlight Creation › should show highlight popup after text selection 

    Error: browserType.launch: Executable doesn't exist at /Users/aminamouhadi/Library/Caches/ms-playwright/webkit-2215/pw_run.sh
    ╔═════════════════════════════════════════════════════════════════════════╗
    ║ Looks like Playwright Test or Playwright was just installed or updated. ║
    ║ Please run the following command to download new browsers:              ║
    ║                                                                         ║
    ║     npx playwright install                                              ║
    ║                                                                         ║
    ║ <3 Playwright Team                                                      ║
    ╚═════════════════════════════════════════════════════════════════════════╝
]]>
</failure>
</testcase>
<testcase name="PDF Viewer V2 - Highlighting › Highlight Creation › should save highlight with default color" classname="pdf-viewer-v2/highlighting.spec.ts" time="0.001">
<failure message="highlighting.spec.ts:127:5 should save highlight with default color" type="FAILURE">
<![CDATA[  [webkit] › pdf-viewer-v2/highlighting.spec.ts:127:5 › PDF Viewer V2 - Highlighting › Highlight Creation › should save highlight with default color 

    Error: browserType.launch: Executable doesn't exist at /Users/aminamouhadi/Library/Caches/ms-playwright/webkit-2215/pw_run.sh
    ╔═════════════════════════════════════════════════════════════════════════╗
    ║ Looks like Playwright Test or Playwright was just installed or updated. ║
    ║ Please run the following command to download new browsers:              ║
    ║                                                                         ║
    ║     npx playwright install                                              ║
    ║                                                                         ║
    ║ <3 Playwright Team                                                      ║
    ╚═════════════════════════════════════════════════════════════════════════╝
]]>
</failure>
</testcase>
<testcase name="PDF Viewer V2 - Highlighting › Highlight Creation › should allow color selection for highlights" classname="pdf-viewer-v2/highlighting.spec.ts" time="0.001">
<failure message="highlighting.spec.ts:176:5 should allow color selection for highlights" type="FAILURE">
<![CDATA[  [webkit] › pdf-viewer-v2/highlighting.spec.ts:176:5 › PDF Viewer V2 - Highlighting › Highlight Creation › should allow color selection for highlights 

    Error: browserType.launch: Executable doesn't exist at /Users/aminamouhadi/Library/Caches/ms-playwright/webkit-2215/pw_run.sh
    ╔═════════════════════════════════════════════════════════════════════════╗
    ║ Looks like Playwright Test or Playwright was just installed or updated. ║
    ║ Please run the following command to download new browsers:              ║
    ║                                                                         ║
    ║     npx playwright install                                              ║
    ║                                                                         ║
    ║ <3 Playwright Team                                                      ║
    ╚═════════════════════════════════════════════════════════════════════════╝
]]>
</failure>
</testcase>
<testcase name="PDF Viewer V2 - Highlighting › Highlight Management › should display highlight management panel" classname="pdf-viewer-v2/highlighting.spec.ts" time="0.001">
<failure message="highlighting.spec.ts:228:5 should display highlight management panel" type="FAILURE">
<![CDATA[  [webkit] › pdf-viewer-v2/highlighting.spec.ts:228:5 › PDF Viewer V2 - Highlighting › Highlight Management › should display highlight management panel 

    Error: browserType.launch: Executable doesn't exist at /Users/aminamouhadi/Library/Caches/ms-playwright/webkit-2215/pw_run.sh
    ╔═════════════════════════════════════════════════════════════════════════╗
    ║ Looks like Playwright Test or Playwright was just installed or updated. ║
    ║ Please run the following command to download new browsers:              ║
    ║                                                                         ║
    ║     npx playwright install                                              ║
    ║                                                                         ║
    ║ <3 Playwright Team                                                      ║
    ╚═════════════════════════════════════════════════════════════════════════╝
]]>
</failure>
</testcase>
<testcase name="PDF Viewer V2 - Highlighting › Highlight Management › should list saved highlights in management panel" classname="pdf-viewer-v2/highlighting.spec.ts" time="0.001">
<failure message="highlighting.spec.ts:254:5 should list saved highlights in management panel" type="FAILURE">
<![CDATA[  [webkit] › pdf-viewer-v2/highlighting.spec.ts:254:5 › PDF Viewer V2 - Highlighting › Highlight Management › should list saved highlights in management panel 

    Error: browserType.launch: Executable doesn't exist at /Users/aminamouhadi/Library/Caches/ms-playwright/webkit-2215/pw_run.sh
    ╔═════════════════════════════════════════════════════════════════════════╗
    ║ Looks like Playwright Test or Playwright was just installed or updated. ║
    ║ Please run the following command to download new browsers:              ║
    ║                                                                         ║
    ║     npx playwright install                                              ║
    ║                                                                         ║
    ║ <3 Playwright Team                                                      ║
    ╚═════════════════════════════════════════════════════════════════════════╝
]]>
</failure>
</testcase>
<testcase name="PDF Viewer V2 - Highlighting › Highlight Management › should allow deleting highlights" classname="pdf-viewer-v2/highlighting.spec.ts" time="0.001">
<failure message="highlighting.spec.ts:277:5 should allow deleting highlights" type="FAILURE">
<![CDATA[  [webkit] › pdf-viewer-v2/highlighting.spec.ts:277:5 › PDF Viewer V2 - Highlighting › Highlight Management › should allow deleting highlights 

    Error: browserType.launch: Executable doesn't exist at /Users/aminamouhadi/Library/Caches/ms-playwright/webkit-2215/pw_run.sh
    ╔═════════════════════════════════════════════════════════════════════════╗
    ║ Looks like Playwright Test or Playwright was just installed or updated. ║
    ║ Please run the following command to download new browsers:              ║
    ║                                                                         ║
    ║     npx playwright install                                              ║
    ║                                                                         ║
    ║ <3 Playwright Team                                                      ║
    ╚═════════════════════════════════════════════════════════════════════════╝
]]>
</failure>
</testcase>
<testcase name="PDF Viewer V2 - Highlighting › Highlight Persistence › should persist highlights across page navigation" classname="pdf-viewer-v2/highlighting.spec.ts" time="0.002">
<failure message="highlighting.spec.ts:321:5 should persist highlights across page navigation" type="FAILURE">
<![CDATA[  [webkit] › pdf-viewer-v2/highlighting.spec.ts:321:5 › PDF Viewer V2 - Highlighting › Highlight Persistence › should persist highlights across page navigation 

    Error: browserType.launch: Executable doesn't exist at /Users/aminamouhadi/Library/Caches/ms-playwright/webkit-2215/pw_run.sh
    ╔═════════════════════════════════════════════════════════════════════════╗
    ║ Looks like Playwright Test or Playwright was just installed or updated. ║
    ║ Please run the following command to download new browsers:              ║
    ║                                                                         ║
    ║     npx playwright install                                              ║
    ║                                                                         ║
    ║ <3 Playwright Team                                                      ║
    ╚═════════════════════════════════════════════════════════════════════════╝
]]>
</failure>
</testcase>
</testsuite>
<testsuite name="pdf-viewer-v2/features.spec.ts" timestamp="2025-11-20T10:25:26.418Z" hostname="Mobile Chrome" tests="11" failures="11" skipped="0" time="338.531" errors="0">
<testcase name="PDF Viewer V2 - Features › Page Navigation › should navigate to next page" classname="pdf-viewer-v2/features.spec.ts" time="30.808">
<failure message="features.spec.ts:38:5 should navigate to next page" type="FAILURE">
<![CDATA[  [Mobile Chrome] › pdf-viewer-v2/features.spec.ts:38:5 › PDF Viewer V2 - Features › Page Navigation › should navigate to next page 

    Test timeout of 30000ms exceeded while running "beforeEach" hook.

      19 |   let page: Page;
      20 |
    > 21 |   test.beforeEach(async ({ page: testPage }) => {
         |        ^
      22 |     page = testPage;
      23 |     
      24 |     // Navigate to app and authenticate
        at /Users/aminamouhadi/smart-reader-serverless/tests/e2e/pdf-viewer-v2/features.spec.ts:21:8

    Error: page.waitForSelector: Test timeout of 30000ms exceeded.
    Call log:
      - waiting for locator('[role="dialog"]') to be visible


       at helpers/auth.ts:23

      21 |   
      22 |   // Wait for auth modal
    > 23 |   await page.waitForSelector('[role="dialog"]', { state: 'visible' });
         |              ^
      24 |   
      25 |   // NOTE: Actual Google OAuth requires proper test credentials
      26 |   // For now, we'll skip the actual sign-in process
        at signInAsTestUser (/Users/aminamouhadi/smart-reader-serverless/tests/e2e/helpers/auth.ts:23:14)
        at ensureAuthenticated (/Users/aminamouhadi/smart-reader-serverless/tests/e2e/helpers/auth.ts:39:5)
        at /Users/aminamouhadi/smart-reader-serverless/tests/e2e/pdf-viewer-v2/features.spec.ts:28:29

    attachment #1: screenshot (image/png) ──────────────────────────────────────────────────────────
    ../../test-results/pdf-viewer-v2-features-PDF-32369-hould-navigate-to-next-page-Mobile-Chrome/test-failed-1.png
    ────────────────────────────────────────────────────────────────────────────────────────────────

    attachment #2: video (video/webm) ──────────────────────────────────────────────────────────────
    ../../test-results/pdf-viewer-v2-features-PDF-32369-hould-navigate-to-next-page-Mobile-Chrome/video.webm
    ────────────────────────────────────────────────────────────────────────────────────────────────

    Error Context: ../../test-results/pdf-viewer-v2-features-PDF-32369-hould-navigate-to-next-page-Mobile-Chrome/error-context.md
]]>
</failure>
<system-out>
<![CDATA[
[[ATTACHMENT|../test-results/pdf-viewer-v2-features-PDF-32369-hould-navigate-to-next-page-Mobile-Chrome/test-failed-1.png]]

[[ATTACHMENT|../test-results/pdf-viewer-v2-features-PDF-32369-hould-navigate-to-next-page-Mobile-Chrome/video.webm]]

[[ATTACHMENT|../test-results/pdf-viewer-v2-features-PDF-32369-hould-navigate-to-next-page-Mobile-Chrome/error-context.md]]
]]>
</system-out>
</testcase>
<testcase name="PDF Viewer V2 - Features › Page Navigation › should navigate to previous page" classname="pdf-viewer-v2/features.spec.ts" time="30.902">
<failure message="features.spec.ts:79:5 should navigate to previous page" type="FAILURE">
<![CDATA[  [Mobile Chrome] › pdf-viewer-v2/features.spec.ts:79:5 › PDF Viewer V2 - Features › Page Navigation › should navigate to previous page 

    Test timeout of 30000ms exceeded while running "beforeEach" hook.

      19 |   let page: Page;
      20 |
    > 21 |   test.beforeEach(async ({ page: testPage }) => {
         |        ^
      22 |     page = testPage;
      23 |     
      24 |     // Navigate to app and authenticate
        at /Users/aminamouhadi/smart-reader-serverless/tests/e2e/pdf-viewer-v2/features.spec.ts:21:8

    Error: page.waitForSelector: Test timeout of 30000ms exceeded.
    Call log:
      - waiting for locator('[role="dialog"]') to be visible


       at helpers/auth.ts:23

      21 |   
      22 |   // Wait for auth modal
    > 23 |   await page.waitForSelector('[role="dialog"]', { state: 'visible' });
         |              ^
      24 |   
      25 |   // NOTE: Actual Google OAuth requires proper test credentials
      26 |   // For now, we'll skip the actual sign-in process
        at signInAsTestUser (/Users/aminamouhadi/smart-reader-serverless/tests/e2e/helpers/auth.ts:23:14)
        at ensureAuthenticated (/Users/aminamouhadi/smart-reader-serverless/tests/e2e/helpers/auth.ts:39:5)
        at /Users/aminamouhadi/smart-reader-serverless/tests/e2e/pdf-viewer-v2/features.spec.ts:28:29

    attachment #1: screenshot (image/png) ──────────────────────────────────────────────────────────
    ../../test-results/pdf-viewer-v2-features-PDF-6f7c9-d-navigate-to-previous-page-Mobile-Chrome/test-failed-1.png
    ────────────────────────────────────────────────────────────────────────────────────────────────

    attachment #2: video (video/webm) ──────────────────────────────────────────────────────────────
    ../../test-results/pdf-viewer-v2-features-PDF-6f7c9-d-navigate-to-previous-page-Mobile-Chrome/video.webm
    ────────────────────────────────────────────────────────────────────────────────────────────────

    Error Context: ../../test-results/pdf-viewer-v2-features-PDF-6f7c9-d-navigate-to-previous-page-Mobile-Chrome/error-context.md
]]>
</failure>
<system-out>
<![CDATA[
[[ATTACHMENT|../test-results/pdf-viewer-v2-features-PDF-6f7c9-d-navigate-to-previous-page-Mobile-Chrome/test-failed-1.png]]

[[ATTACHMENT|../test-results/pdf-viewer-v2-features-PDF-6f7c9-d-navigate-to-previous-page-Mobile-Chrome/video.webm]]

[[ATTACHMENT|../test-results/pdf-viewer-v2-features-PDF-6f7c9-d-navigate-to-previous-page-Mobile-Chrome/error-context.md]]
]]>
</system-out>
</testcase>
<testcase name="PDF Viewer V2 - Features › Page Navigation › should navigate to first page" classname="pdf-viewer-v2/features.spec.ts" time="31.01">
<failure message="features.spec.ts:123:5 should navigate to first page" type="FAILURE">
<![CDATA[  [Mobile Chrome] › pdf-viewer-v2/features.spec.ts:123:5 › PDF Viewer V2 - Features › Page Navigation › should navigate to first page 

    Test timeout of 30000ms exceeded while running "beforeEach" hook.

      19 |   let page: Page;
      20 |
    > 21 |   test.beforeEach(async ({ page: testPage }) => {
         |        ^
      22 |     page = testPage;
      23 |     
      24 |     // Navigate to app and authenticate
        at /Users/aminamouhadi/smart-reader-serverless/tests/e2e/pdf-viewer-v2/features.spec.ts:21:8

    Error: page.waitForSelector: Test timeout of 30000ms exceeded.
    Call log:
      - waiting for locator('[role="dialog"]') to be visible


       at helpers/auth.ts:23

      21 |   
      22 |   // Wait for auth modal
    > 23 |   await page.waitForSelector('[role="dialog"]', { state: 'visible' });
         |              ^
      24 |   
      25 |   // NOTE: Actual Google OAuth requires proper test credentials
      26 |   // For now, we'll skip the actual sign-in process
        at signInAsTestUser (/Users/aminamouhadi/smart-reader-serverless/tests/e2e/helpers/auth.ts:23:14)
        at ensureAuthenticated (/Users/aminamouhadi/smart-reader-serverless/tests/e2e/helpers/auth.ts:39:5)
        at /Users/aminamouhadi/smart-reader-serverless/tests/e2e/pdf-viewer-v2/features.spec.ts:28:29

    attachment #1: screenshot (image/png) ──────────────────────────────────────────────────────────
    ../../test-results/pdf-viewer-v2-features-PDF-b95ce-ould-navigate-to-first-page-Mobile-Chrome/test-failed-1.png
    ────────────────────────────────────────────────────────────────────────────────────────────────

    attachment #2: video (video/webm) ──────────────────────────────────────────────────────────────
    ../../test-results/pdf-viewer-v2-features-PDF-b95ce-ould-navigate-to-first-page-Mobile-Chrome/video.webm
    ────────────────────────────────────────────────────────────────────────────────────────────────

    Error Context: ../../test-results/pdf-viewer-v2-features-PDF-b95ce-ould-navigate-to-first-page-Mobile-Chrome/error-context.md
]]>
</failure>
<system-out>
<![CDATA[
[[ATTACHMENT|../test-results/pdf-viewer-v2-features-PDF-b95ce-ould-navigate-to-first-page-Mobile-Chrome/test-failed-1.png]]

[[ATTACHMENT|../test-results/pdf-viewer-v2-features-PDF-b95ce-ould-navigate-to-first-page-Mobile-Chrome/video.webm]]

[[ATTACHMENT|../test-results/pdf-viewer-v2-features-PDF-b95ce-ould-navigate-to-first-page-Mobile-Chrome/error-context.md]]
]]>
</system-out>
</testcase>
<testcase name="PDF Viewer V2 - Features › Zoom Functionality › should zoom in" classname="pdf-viewer-v2/features.spec.ts" time="30.869">
<failure message="features.spec.ts:163:5 should zoom in" type="FAILURE">
<![CDATA[  [Mobile Chrome] › pdf-viewer-v2/features.spec.ts:163:5 › PDF Viewer V2 - Features › Zoom Functionality › should zoom in 

    Test timeout of 30000ms exceeded while running "beforeEach" hook.

      19 |   let page: Page;
      20 |
    > 21 |   test.beforeEach(async ({ page: testPage }) => {
         |        ^
      22 |     page = testPage;
      23 |     
      24 |     // Navigate to app and authenticate
        at /Users/aminamouhadi/smart-reader-serverless/tests/e2e/pdf-viewer-v2/features.spec.ts:21:8

    Error: page.waitForSelector: Test timeout of 30000ms exceeded.
    Call log:
      - waiting for locator('[role="dialog"]') to be visible


       at helpers/auth.ts:23

      21 |   
      22 |   // Wait for auth modal
    > 23 |   await page.waitForSelector('[role="dialog"]', { state: 'visible' });
         |              ^
      24 |   
      25 |   // NOTE: Actual Google OAuth requires proper test credentials
      26 |   // For now, we'll skip the actual sign-in process
        at signInAsTestUser (/Users/aminamouhadi/smart-reader-serverless/tests/e2e/helpers/auth.ts:23:14)
        at ensureAuthenticated (/Users/aminamouhadi/smart-reader-serverless/tests/e2e/helpers/auth.ts:39:5)
        at /Users/aminamouhadi/smart-reader-serverless/tests/e2e/pdf-viewer-v2/features.spec.ts:28:29

    attachment #1: screenshot (image/png) ──────────────────────────────────────────────────────────
    ../../test-results/pdf-viewer-v2-features-PDF-628c8-unctionality-should-zoom-in-Mobile-Chrome/test-failed-1.png
    ────────────────────────────────────────────────────────────────────────────────────────────────

    attachment #2: video (video/webm) ──────────────────────────────────────────────────────────────
    ../../test-results/pdf-viewer-v2-features-PDF-628c8-unctionality-should-zoom-in-Mobile-Chrome/video.webm
    ────────────────────────────────────────────────────────────────────────────────────────────────

    Error Context: ../../test-results/pdf-viewer-v2-features-PDF-628c8-unctionality-should-zoom-in-Mobile-Chrome/error-context.md
]]>
</failure>
<system-out>
<![CDATA[
[[ATTACHMENT|../test-results/pdf-viewer-v2-features-PDF-628c8-unctionality-should-zoom-in-Mobile-Chrome/test-failed-1.png]]

[[ATTACHMENT|../test-results/pdf-viewer-v2-features-PDF-628c8-unctionality-should-zoom-in-Mobile-Chrome/video.webm]]

[[ATTACHMENT|../test-results/pdf-viewer-v2-features-PDF-628c8-unctionality-should-zoom-in-Mobile-Chrome/error-context.md]]
]]>
</system-out>
</testcase>
<testcase name="PDF Viewer V2 - Features › Zoom Functionality › should zoom out" classname="pdf-viewer-v2/features.spec.ts" time="30.647">
<failure message="features.spec.ts:200:5 should zoom out" type="FAILURE">
<![CDATA[  [Mobile Chrome] › pdf-viewer-v2/features.spec.ts:200:5 › PDF Viewer V2 - Features › Zoom Functionality › should zoom out 

    Test timeout of 30000ms exceeded while running "beforeEach" hook.

      19 |   let page: Page;
      20 |
    > 21 |   test.beforeEach(async ({ page: testPage }) => {
         |        ^
      22 |     page = testPage;
      23 |     
      24 |     // Navigate to app and authenticate
        at /Users/aminamouhadi/smart-reader-serverless/tests/e2e/pdf-viewer-v2/features.spec.ts:21:8

    Error: page.waitForSelector: Test timeout of 30000ms exceeded.
    Call log:
      - waiting for locator('[role="dialog"]') to be visible


       at helpers/auth.ts:23

      21 |   
      22 |   // Wait for auth modal
    > 23 |   await page.waitForSelector('[role="dialog"]', { state: 'visible' });
         |              ^
      24 |   
      25 |   // NOTE: Actual Google OAuth requires proper test credentials
      26 |   // For now, we'll skip the actual sign-in process
        at signInAsTestUser (/Users/aminamouhadi/smart-reader-serverless/tests/e2e/helpers/auth.ts:23:14)
        at ensureAuthenticated (/Users/aminamouhadi/smart-reader-serverless/tests/e2e/helpers/auth.ts:39:5)
        at /Users/aminamouhadi/smart-reader-serverless/tests/e2e/pdf-viewer-v2/features.spec.ts:28:29

    attachment #1: screenshot (image/png) ──────────────────────────────────────────────────────────
    ../../test-results/pdf-viewer-v2-features-PDF-70550-nctionality-should-zoom-out-Mobile-Chrome/test-failed-1.png
    ────────────────────────────────────────────────────────────────────────────────────────────────

    attachment #2: video (video/webm) ──────────────────────────────────────────────────────────────
    ../../test-results/pdf-viewer-v2-features-PDF-70550-nctionality-should-zoom-out-Mobile-Chrome/video.webm
    ────────────────────────────────────────────────────────────────────────────────────────────────

    Error Context: ../../test-results/pdf-viewer-v2-features-PDF-70550-nctionality-should-zoom-out-Mobile-Chrome/error-context.md
]]>
</failure>
<system-out>
<![CDATA[
[[ATTACHMENT|../test-results/pdf-viewer-v2-features-PDF-70550-nctionality-should-zoom-out-Mobile-Chrome/test-failed-1.png]]

[[ATTACHMENT|../test-results/pdf-viewer-v2-features-PDF-70550-nctionality-should-zoom-out-Mobile-Chrome/video.webm]]

[[ATTACHMENT|../test-results/pdf-viewer-v2-features-PDF-70550-nctionality-should-zoom-out-Mobile-Chrome/error-context.md]]
]]>
</system-out>
</testcase>
<testcase name="PDF Viewer V2 - Features › Rotation › should rotate PDF clockwise" classname="pdf-viewer-v2/features.spec.ts" time="30.729">
<failure message="features.spec.ts:240:5 should rotate PDF clockwise" type="FAILURE">
<![CDATA[  [Mobile Chrome] › pdf-viewer-v2/features.spec.ts:240:5 › PDF Viewer V2 - Features › Rotation › should rotate PDF clockwise 

    Test timeout of 30000ms exceeded while running "beforeEach" hook.

      19 |   let page: Page;
      20 |
    > 21 |   test.beforeEach(async ({ page: testPage }) => {
         |        ^
      22 |     page = testPage;
      23 |     
      24 |     // Navigate to app and authenticate
        at /Users/aminamouhadi/smart-reader-serverless/tests/e2e/pdf-viewer-v2/features.spec.ts:21:8

    Error: page.waitForSelector: Test timeout of 30000ms exceeded.
    Call log:
      - waiting for locator('[role="dialog"]') to be visible


       at helpers/auth.ts:23

      21 |   
      22 |   // Wait for auth modal
    > 23 |   await page.waitForSelector('[role="dialog"]', { state: 'visible' });
         |              ^
      24 |   
      25 |   // NOTE: Actual Google OAuth requires proper test credentials
      26 |   // For now, we'll skip the actual sign-in process
        at signInAsTestUser (/Users/aminamouhadi/smart-reader-serverless/tests/e2e/helpers/auth.ts:23:14)
        at ensureAuthenticated (/Users/aminamouhadi/smart-reader-serverless/tests/e2e/helpers/auth.ts:39:5)
        at /Users/aminamouhadi/smart-reader-serverless/tests/e2e/pdf-viewer-v2/features.spec.ts:28:29

    attachment #1: screenshot (image/png) ──────────────────────────────────────────────────────────
    ../../test-results/pdf-viewer-v2-features-PDF-bd88a-should-rotate-PDF-clockwise-Mobile-Chrome/test-failed-1.png
    ────────────────────────────────────────────────────────────────────────────────────────────────

    attachment #2: video (video/webm) ──────────────────────────────────────────────────────────────
    ../../test-results/pdf-viewer-v2-features-PDF-bd88a-should-rotate-PDF-clockwise-Mobile-Chrome/video.webm
    ────────────────────────────────────────────────────────────────────────────────────────────────

    Error Context: ../../test-results/pdf-viewer-v2-features-PDF-bd88a-should-rotate-PDF-clockwise-Mobile-Chrome/error-context.md
]]>
</failure>
<system-out>
<![CDATA[
[[ATTACHMENT|../test-results/pdf-viewer-v2-features-PDF-bd88a-should-rotate-PDF-clockwise-Mobile-Chrome/test-failed-1.png]]

[[ATTACHMENT|../test-results/pdf-viewer-v2-features-PDF-bd88a-should-rotate-PDF-clockwise-Mobile-Chrome/video.webm]]

[[ATTACHMENT|../test-results/pdf-viewer-v2-features-PDF-bd88a-should-rotate-PDF-clockwise-Mobile-Chrome/error-context.md]]
]]>
</system-out>
</testcase>
<testcase name="PDF Viewer V2 - Features › Search Functionality › should open search dialog" classname="pdf-viewer-v2/features.spec.ts" time="30.669">
<failure message="features.spec.ts:270:5 should open search dialog" type="FAILURE">
<![CDATA[  [Mobile Chrome] › pdf-viewer-v2/features.spec.ts:270:5 › PDF Viewer V2 - Features › Search Functionality › should open search dialog 

    Test timeout of 30000ms exceeded while running "beforeEach" hook.

      19 |   let page: Page;
      20 |
    > 21 |   test.beforeEach(async ({ page: testPage }) => {
         |        ^
      22 |     page = testPage;
      23 |     
      24 |     // Navigate to app and authenticate
        at /Users/aminamouhadi/smart-reader-serverless/tests/e2e/pdf-viewer-v2/features.spec.ts:21:8

    Error: page.waitForSelector: Test timeout of 30000ms exceeded.
    Call log:
      - waiting for locator('[role="dialog"]') to be visible


       at helpers/auth.ts:23

      21 |   
      22 |   // Wait for auth modal
    > 23 |   await page.waitForSelector('[role="dialog"]', { state: 'visible' });
         |              ^
      24 |   
      25 |   // NOTE: Actual Google OAuth requires proper test credentials
      26 |   // For now, we'll skip the actual sign-in process
        at signInAsTestUser (/Users/aminamouhadi/smart-reader-serverless/tests/e2e/helpers/auth.ts:23:14)
        at ensureAuthenticated (/Users/aminamouhadi/smart-reader-serverless/tests/e2e/helpers/auth.ts:39:5)
        at /Users/aminamouhadi/smart-reader-serverless/tests/e2e/pdf-viewer-v2/features.spec.ts:28:29

    attachment #1: screenshot (image/png) ──────────────────────────────────────────────────────────
    ../../test-results/pdf-viewer-v2-features-PDF-a46da-y-should-open-search-dialog-Mobile-Chrome/test-failed-1.png
    ────────────────────────────────────────────────────────────────────────────────────────────────

    attachment #2: video (video/webm) ──────────────────────────────────────────────────────────────
    ../../test-results/pdf-viewer-v2-features-PDF-a46da-y-should-open-search-dialog-Mobile-Chrome/video.webm
    ────────────────────────────────────────────────────────────────────────────────────────────────

    Error Context: ../../test-results/pdf-viewer-v2-features-PDF-a46da-y-should-open-search-dialog-Mobile-Chrome/error-context.md
]]>
</failure>
<system-out>
<![CDATA[
[[ATTACHMENT|../test-results/pdf-viewer-v2-features-PDF-a46da-y-should-open-search-dialog-Mobile-Chrome/test-failed-1.png]]

[[ATTACHMENT|../test-results/pdf-viewer-v2-features-PDF-a46da-y-should-open-search-dialog-Mobile-Chrome/video.webm]]

[[ATTACHMENT|../test-results/pdf-viewer-v2-features-PDF-a46da-y-should-open-search-dialog-Mobile-Chrome/error-context.md]]
]]>
</system-out>
</testcase>
<testcase name="PDF Viewer V2 - Features › Search Functionality › should search for text in PDF" classname="pdf-viewer-v2/features.spec.ts" time="30.731">
<failure message="features.spec.ts:302:5 should search for text in PDF" type="FAILURE">
<![CDATA[  [Mobile Chrome] › pdf-viewer-v2/features.spec.ts:302:5 › PDF Viewer V2 - Features › Search Functionality › should search for text in PDF 

    Test timeout of 30000ms exceeded while running "beforeEach" hook.

      19 |   let page: Page;
      20 |
    > 21 |   test.beforeEach(async ({ page: testPage }) => {
         |        ^
      22 |     page = testPage;
      23 |     
      24 |     // Navigate to app and authenticate
        at /Users/aminamouhadi/smart-reader-serverless/tests/e2e/pdf-viewer-v2/features.spec.ts:21:8

    Error: page.waitForSelector: Test timeout of 30000ms exceeded.
    Call log:
      - waiting for locator('[role="dialog"]') to be visible


       at helpers/auth.ts:23

      21 |   
      22 |   // Wait for auth modal
    > 23 |   await page.waitForSelector('[role="dialog"]', { state: 'visible' });
         |              ^
      24 |   
      25 |   // NOTE: Actual Google OAuth requires proper test credentials
      26 |   // For now, we'll skip the actual sign-in process
        at signInAsTestUser (/Users/aminamouhadi/smart-reader-serverless/tests/e2e/helpers/auth.ts:23:14)
        at ensureAuthenticated (/Users/aminamouhadi/smart-reader-serverless/tests/e2e/helpers/auth.ts:39:5)
        at /Users/aminamouhadi/smart-reader-serverless/tests/e2e/pdf-viewer-v2/features.spec.ts:28:29

    attachment #1: screenshot (image/png) ──────────────────────────────────────────────────────────
    ../../test-results/pdf-viewer-v2-features-PDF-800d9-ould-search-for-text-in-PDF-Mobile-Chrome/test-failed-1.png
    ────────────────────────────────────────────────────────────────────────────────────────────────

    attachment #2: video (video/webm) ──────────────────────────────────────────────────────────────
    ../../test-results/pdf-viewer-v2-features-PDF-800d9-ould-search-for-text-in-PDF-Mobile-Chrome/video.webm
    ────────────────────────────────────────────────────────────────────────────────────────────────

    Error Context: ../../test-results/pdf-viewer-v2-features-PDF-800d9-ould-search-for-text-in-PDF-Mobile-Chrome/error-context.md
]]>
</failure>
<system-out>
<![CDATA[
[[ATTACHMENT|../test-results/pdf-viewer-v2-features-PDF-800d9-ould-search-for-text-in-PDF-Mobile-Chrome/test-failed-1.png]]

[[ATTACHMENT|../test-results/pdf-viewer-v2-features-PDF-800d9-ould-search-for-text-in-PDF-Mobile-Chrome/video.webm]]

[[ATTACHMENT|../test-results/pdf-viewer-v2-features-PDF-800d9-ould-search-for-text-in-PDF-Mobile-Chrome/error-context.md]]
]]>
</system-out>
</testcase>
<testcase name="PDF Viewer V2 - Features › Reading Mode › should toggle reading mode" classname="pdf-viewer-v2/features.spec.ts" time="30.727">
<failure message="features.spec.ts:338:5 should toggle reading mode" type="FAILURE">
<![CDATA[  [Mobile Chrome] › pdf-viewer-v2/features.spec.ts:338:5 › PDF Viewer V2 - Features › Reading Mode › should toggle reading mode 

    Test timeout of 30000ms exceeded while running "beforeEach" hook.

      19 |   let page: Page;
      20 |
    > 21 |   test.beforeEach(async ({ page: testPage }) => {
         |        ^
      22 |     page = testPage;
      23 |     
      24 |     // Navigate to app and authenticate
        at /Users/aminamouhadi/smart-reader-serverless/tests/e2e/pdf-viewer-v2/features.spec.ts:21:8

    Error: page.waitForSelector: Test timeout of 30000ms exceeded.
    Call log:
      - waiting for locator('[role="dialog"]') to be visible


       at helpers/auth.ts:23

      21 |   
      22 |   // Wait for auth modal
    > 23 |   await page.waitForSelector('[role="dialog"]', { state: 'visible' });
         |              ^
      24 |   
      25 |   // NOTE: Actual Google OAuth requires proper test credentials
      26 |   // For now, we'll skip the actual sign-in process
        at signInAsTestUser (/Users/aminamouhadi/smart-reader-serverless/tests/e2e/helpers/auth.ts:23:14)
        at ensureAuthenticated (/Users/aminamouhadi/smart-reader-serverless/tests/e2e/helpers/auth.ts:39:5)
        at /Users/aminamouhadi/smart-reader-serverless/tests/e2e/pdf-viewer-v2/features.spec.ts:28:29

    attachment #1: screenshot (image/png) ──────────────────────────────────────────────────────────
    ../../test-results/pdf-viewer-v2-features-PDF-19765--should-toggle-reading-mode-Mobile-Chrome/test-failed-1.png
    ────────────────────────────────────────────────────────────────────────────────────────────────

    attachment #2: video (video/webm) ──────────────────────────────────────────────────────────────
    ../../test-results/pdf-viewer-v2-features-PDF-19765--should-toggle-reading-mode-Mobile-Chrome/video.webm
    ────────────────────────────────────────────────────────────────────────────────────────────────

    Error Context: ../../test-results/pdf-viewer-v2-features-PDF-19765--should-toggle-reading-mode-Mobile-Chrome/error-context.md
]]>
</failure>
<system-out>
<![CDATA[
[[ATTACHMENT|../test-results/pdf-viewer-v2-features-PDF-19765--should-toggle-reading-mode-Mobile-Chrome/test-failed-1.png]]

[[ATTACHMENT|../test-results/pdf-viewer-v2-features-PDF-19765--should-toggle-reading-mode-Mobile-Chrome/video.webm]]

[[ATTACHMENT|../test-results/pdf-viewer-v2-features-PDF-19765--should-toggle-reading-mode-Mobile-Chrome/error-context.md]]
]]>
</system-out>
</testcase>
<testcase name="PDF Viewer V2 - Features › Notes Integration › should open notes panel" classname="pdf-viewer-v2/features.spec.ts" time="30.717">
<failure message="features.spec.ts:372:5 should open notes panel" type="FAILURE">
<![CDATA[  [Mobile Chrome] › pdf-viewer-v2/features.spec.ts:372:5 › PDF Viewer V2 - Features › Notes Integration › should open notes panel 

    Test timeout of 30000ms exceeded while running "beforeEach" hook.

      19 |   let page: Page;
      20 |
    > 21 |   test.beforeEach(async ({ page: testPage }) => {
         |        ^
      22 |     page = testPage;
      23 |     
      24 |     // Navigate to app and authenticate
        at /Users/aminamouhadi/smart-reader-serverless/tests/e2e/pdf-viewer-v2/features.spec.ts:21:8

    Error: page.waitForSelector: Test timeout of 30000ms exceeded.
    Call log:
      - waiting for locator('[role="dialog"]') to be visible


       at helpers/auth.ts:23

      21 |   
      22 |   // Wait for auth modal
    > 23 |   await page.waitForSelector('[role="dialog"]', { state: 'visible' });
         |              ^
      24 |   
      25 |   // NOTE: Actual Google OAuth requires proper test credentials
      26 |   // For now, we'll skip the actual sign-in process
        at signInAsTestUser (/Users/aminamouhadi/smart-reader-serverless/tests/e2e/helpers/auth.ts:23:14)
        at ensureAuthenticated (/Users/aminamouhadi/smart-reader-serverless/tests/e2e/helpers/auth.ts:39:5)
        at /Users/aminamouhadi/smart-reader-serverless/tests/e2e/pdf-viewer-v2/features.spec.ts:28:29

    attachment #1: screenshot (image/png) ──────────────────────────────────────────────────────────
    ../../test-results/pdf-viewer-v2-features-PDF-f73f6-ion-should-open-notes-panel-Mobile-Chrome/test-failed-1.png
    ────────────────────────────────────────────────────────────────────────────────────────────────

    attachment #2: video (video/webm) ──────────────────────────────────────────────────────────────
    ../../test-results/pdf-viewer-v2-features-PDF-f73f6-ion-should-open-notes-panel-Mobile-Chrome/video.webm
    ────────────────────────────────────────────────────────────────────────────────────────────────

    Error Context: ../../test-results/pdf-viewer-v2-features-PDF-f73f6-ion-should-open-notes-panel-Mobile-Chrome/error-context.md
]]>
</failure>
<system-out>
<![CDATA[
[[ATTACHMENT|../test-results/pdf-viewer-v2-features-PDF-f73f6-ion-should-open-notes-panel-Mobile-Chrome/test-failed-1.png]]

[[ATTACHMENT|../test-results/pdf-viewer-v2-features-PDF-f73f6-ion-should-open-notes-panel-Mobile-Chrome/video.webm]]

[[ATTACHMENT|../test-results/pdf-viewer-v2-features-PDF-f73f6-ion-should-open-notes-panel-Mobile-Chrome/error-context.md]]
]]>
</system-out>
</testcase>
<testcase name="PDF Viewer V2 - Features › TTS Integration › should display TTS controls" classname="pdf-viewer-v2/features.spec.ts" time="30.722">
<failure message="features.spec.ts:396:5 should display TTS controls" type="FAILURE">
<![CDATA[  [Mobile Chrome] › pdf-viewer-v2/features.spec.ts:396:5 › PDF Viewer V2 - Features › TTS Integration › should display TTS controls 

    Test timeout of 30000ms exceeded while running "beforeEach" hook.

      19 |   let page: Page;
      20 |
    > 21 |   test.beforeEach(async ({ page: testPage }) => {
         |        ^
      22 |     page = testPage;
      23 |     
      24 |     // Navigate to app and authenticate
        at /Users/aminamouhadi/smart-reader-serverless/tests/e2e/pdf-viewer-v2/features.spec.ts:21:8

    Error: page.waitForSelector: Test timeout of 30000ms exceeded.
    Call log:
      - waiting for locator('[role="dialog"]') to be visible


       at helpers/auth.ts:23

      21 |   
      22 |   // Wait for auth modal
    > 23 |   await page.waitForSelector('[role="dialog"]', { state: 'visible' });
         |              ^
      24 |   
      25 |   // NOTE: Actual Google OAuth requires proper test credentials
      26 |   // For now, we'll skip the actual sign-in process
        at signInAsTestUser (/Users/aminamouhadi/smart-reader-serverless/tests/e2e/helpers/auth.ts:23:14)
        at ensureAuthenticated (/Users/aminamouhadi/smart-reader-serverless/tests/e2e/helpers/auth.ts:39:5)
        at /Users/aminamouhadi/smart-reader-serverless/tests/e2e/pdf-viewer-v2/features.spec.ts:28:29

    attachment #1: screenshot (image/png) ──────────────────────────────────────────────────────────
    ../../test-results/pdf-viewer-v2-features-PDF-99f7b-should-display-TTS-controls-Mobile-Chrome/test-failed-1.png
    ────────────────────────────────────────────────────────────────────────────────────────────────

    attachment #2: video (video/webm) ──────────────────────────────────────────────────────────────
    ../../test-results/pdf-viewer-v2-features-PDF-99f7b-should-display-TTS-controls-Mobile-Chrome/video.webm
    ────────────────────────────────────────────────────────────────────────────────────────────────

    Error Context: ../../test-results/pdf-viewer-v2-features-PDF-99f7b-should-display-TTS-controls-Mobile-Chrome/error-context.md
]]>
</failure>
<system-out>
<![CDATA[
[[ATTACHMENT|../test-results/pdf-viewer-v2-features-PDF-99f7b-should-display-TTS-controls-Mobile-Chrome/test-failed-1.png]]

[[ATTACHMENT|../test-results/pdf-viewer-v2-features-PDF-99f7b-should-display-TTS-controls-Mobile-Chrome/video.webm]]

[[ATTACHMENT|../test-results/pdf-viewer-v2-features-PDF-99f7b-should-display-TTS-controls-Mobile-Chrome/error-context.md]]
]]>
</system-out>
</testcase>
</testsuite>
<testsuite name="pdf-viewer-v2/highlighting.spec.ts" timestamp="2025-11-20T10:25:26.418Z" hostname="Mobile Chrome" tests="9" failures="9" skipped="0" time="277.025" errors="0">
<testcase name="PDF Viewer V2 - Highlighting › Highlight Creation › should display PDF viewer when document is loaded" classname="pdf-viewer-v2/highlighting.spec.ts" time="30.711">
<failure message="highlighting.spec.ts:37:5 should display PDF viewer when document is loaded" type="FAILURE">
<![CDATA[  [Mobile Chrome] › pdf-viewer-v2/highlighting.spec.ts:37:5 › PDF Viewer V2 - Highlighting › Highlight Creation › should display PDF viewer when document is loaded 

    Test timeout of 30000ms exceeded while running "beforeEach" hook.

      18 |   let page: Page;
      19 |
    > 20 |   test.beforeEach(async ({ page: testPage }) => {
         |        ^
      21 |     page = testPage;
      22 |     
      23 |     // Navigate to app and authenticate
        at /Users/aminamouhadi/smart-reader-serverless/tests/e2e/pdf-viewer-v2/highlighting.spec.ts:20:8

    Error: page.waitForSelector: Test timeout of 30000ms exceeded.
    Call log:
      - waiting for locator('[role="dialog"]') to be visible


       at helpers/auth.ts:23

      21 |   
      22 |   // Wait for auth modal
    > 23 |   await page.waitForSelector('[role="dialog"]', { state: 'visible' });
         |              ^
      24 |   
      25 |   // NOTE: Actual Google OAuth requires proper test credentials
      26 |   // For now, we'll skip the actual sign-in process
        at signInAsTestUser (/Users/aminamouhadi/smart-reader-serverless/tests/e2e/helpers/auth.ts:23:14)
        at ensureAuthenticated (/Users/aminamouhadi/smart-reader-serverless/tests/e2e/helpers/auth.ts:39:5)
        at /Users/aminamouhadi/smart-reader-serverless/tests/e2e/pdf-viewer-v2/highlighting.spec.ts:27:29

    attachment #1: screenshot (image/png) ──────────────────────────────────────────────────────────
    ../../test-results/pdf-viewer-v2-highlighting-22c14-wer-when-document-is-loaded-Mobile-Chrome/test-failed-1.png
    ────────────────────────────────────────────────────────────────────────────────────────────────

    attachment #2: video (video/webm) ──────────────────────────────────────────────────────────────
    ../../test-results/pdf-viewer-v2-highlighting-22c14-wer-when-document-is-loaded-Mobile-Chrome/video.webm
    ────────────────────────────────────────────────────────────────────────────────────────────────

    Error Context: ../../test-results/pdf-viewer-v2-highlighting-22c14-wer-when-document-is-loaded-Mobile-Chrome/error-context.md
]]>
</failure>
<system-out>
<![CDATA[
[[ATTACHMENT|../test-results/pdf-viewer-v2-highlighting-22c14-wer-when-document-is-loaded-Mobile-Chrome/test-failed-1.png]]

[[ATTACHMENT|../test-results/pdf-viewer-v2-highlighting-22c14-wer-when-document-is-loaded-Mobile-Chrome/video.webm]]

[[ATTACHMENT|../test-results/pdf-viewer-v2-highlighting-22c14-wer-when-document-is-loaded-Mobile-Chrome/error-context.md]]
]]>
</system-out>
</testcase>
<testcase name="PDF Viewer V2 - Highlighting › Highlight Creation › should allow text selection in PDF" classname="pdf-viewer-v2/highlighting.spec.ts" time="30.703">
<failure message="highlighting.spec.ts:53:5 should allow text selection in PDF" type="FAILURE">
<![CDATA[  [Mobile Chrome] › pdf-viewer-v2/highlighting.spec.ts:53:5 › PDF Viewer V2 - Highlighting › Highlight Creation › should allow text selection in PDF 

    Test timeout of 30000ms exceeded while running "beforeEach" hook.

      18 |   let page: Page;
      19 |
    > 20 |   test.beforeEach(async ({ page: testPage }) => {
         |        ^
      21 |     page = testPage;
      22 |     
      23 |     // Navigate to app and authenticate
        at /Users/aminamouhadi/smart-reader-serverless/tests/e2e/pdf-viewer-v2/highlighting.spec.ts:20:8

    Error: page.waitForSelector: Test timeout of 30000ms exceeded.
    Call log:
      - waiting for locator('[role="dialog"]') to be visible


       at helpers/auth.ts:23

      21 |   
      22 |   // Wait for auth modal
    > 23 |   await page.waitForSelector('[role="dialog"]', { state: 'visible' });
         |              ^
      24 |   
      25 |   // NOTE: Actual Google OAuth requires proper test credentials
      26 |   // For now, we'll skip the actual sign-in process
        at signInAsTestUser (/Users/aminamouhadi/smart-reader-serverless/tests/e2e/helpers/auth.ts:23:14)
        at ensureAuthenticated (/Users/aminamouhadi/smart-reader-serverless/tests/e2e/helpers/auth.ts:39:5)
        at /Users/aminamouhadi/smart-reader-serverless/tests/e2e/pdf-viewer-v2/highlighting.spec.ts:27:29

    attachment #1: screenshot (image/png) ──────────────────────────────────────────────────────────
    ../../test-results/pdf-viewer-v2-highlighting-e7a02-allow-text-selection-in-PDF-Mobile-Chrome/test-failed-1.png
    ────────────────────────────────────────────────────────────────────────────────────────────────

    attachment #2: video (video/webm) ──────────────────────────────────────────────────────────────
    ../../test-results/pdf-viewer-v2-highlighting-e7a02-allow-text-selection-in-PDF-Mobile-Chrome/video.webm
    ────────────────────────────────────────────────────────────────────────────────────────────────

    Error Context: ../../test-results/pdf-viewer-v2-highlighting-e7a02-allow-text-selection-in-PDF-Mobile-Chrome/error-context.md
]]>
</failure>
<system-out>
<![CDATA[
[[ATTACHMENT|../test-results/pdf-viewer-v2-highlighting-e7a02-allow-text-selection-in-PDF-Mobile-Chrome/test-failed-1.png]]

[[ATTACHMENT|../test-results/pdf-viewer-v2-highlighting-e7a02-allow-text-selection-in-PDF-Mobile-Chrome/video.webm]]

[[ATTACHMENT|../test-results/pdf-viewer-v2-highlighting-e7a02-allow-text-selection-in-PDF-Mobile-Chrome/error-context.md]]
]]>
</system-out>
</testcase>
<testcase name="PDF Viewer V2 - Highlighting › Highlight Creation › should show highlight popup after text selection" classname="pdf-viewer-v2/highlighting.spec.ts" time="30.724">
<failure message="highlighting.spec.ts:87:5 should show highlight popup after text selection" type="FAILURE">
<![CDATA[  [Mobile Chrome] › pdf-viewer-v2/highlighting.spec.ts:87:5 › PDF Viewer V2 - Highlighting › Highlight Creation › should show highlight popup after text selection 

    Test timeout of 30000ms exceeded while running "beforeEach" hook.

      18 |   let page: Page;
      19 |
    > 20 |   test.beforeEach(async ({ page: testPage }) => {
         |        ^
      21 |     page = testPage;
      22 |     
      23 |     // Navigate to app and authenticate
        at /Users/aminamouhadi/smart-reader-serverless/tests/e2e/pdf-viewer-v2/highlighting.spec.ts:20:8

    Error: page.waitForSelector: Test timeout of 30000ms exceeded.
    Call log:
      - waiting for locator('[role="dialog"]') to be visible


       at helpers/auth.ts:23

      21 |   
      22 |   // Wait for auth modal
    > 23 |   await page.waitForSelector('[role="dialog"]', { state: 'visible' });
         |              ^
      24 |   
      25 |   // NOTE: Actual Google OAuth requires proper test credentials
      26 |   // For now, we'll skip the actual sign-in process
        at signInAsTestUser (/Users/aminamouhadi/smart-reader-serverless/tests/e2e/helpers/auth.ts:23:14)
        at ensureAuthenticated (/Users/aminamouhadi/smart-reader-serverless/tests/e2e/helpers/auth.ts:39:5)
        at /Users/aminamouhadi/smart-reader-serverless/tests/e2e/pdf-viewer-v2/highlighting.spec.ts:27:29

    attachment #1: screenshot (image/png) ──────────────────────────────────────────────────────────
    ../../test-results/pdf-viewer-v2-highlighting-db7ab--popup-after-text-selection-Mobile-Chrome/test-failed-1.png
    ────────────────────────────────────────────────────────────────────────────────────────────────

    attachment #2: video (video/webm) ──────────────────────────────────────────────────────────────
    ../../test-results/pdf-viewer-v2-highlighting-db7ab--popup-after-text-selection-Mobile-Chrome/video.webm
    ────────────────────────────────────────────────────────────────────────────────────────────────

    Error Context: ../../test-results/pdf-viewer-v2-highlighting-db7ab--popup-after-text-selection-Mobile-Chrome/error-context.md
]]>
</failure>
<system-out>
<![CDATA[
[[ATTACHMENT|../test-results/pdf-viewer-v2-highlighting-db7ab--popup-after-text-selection-Mobile-Chrome/test-failed-1.png]]

[[ATTACHMENT|../test-results/pdf-viewer-v2-highlighting-db7ab--popup-after-text-selection-Mobile-Chrome/video.webm]]

[[ATTACHMENT|../test-results/pdf-viewer-v2-highlighting-db7ab--popup-after-text-selection-Mobile-Chrome/error-context.md]]
]]>
</system-out>
</testcase>
<testcase name="PDF Viewer V2 - Highlighting › Highlight Creation › should save highlight with default color" classname="pdf-viewer-v2/highlighting.spec.ts" time="30.618">
<failure message="highlighting.spec.ts:127:5 should save highlight with default color" type="FAILURE">
<![CDATA[  [Mobile Chrome] › pdf-viewer-v2/highlighting.spec.ts:127:5 › PDF Viewer V2 - Highlighting › Highlight Creation › should save highlight with default color 

    Test timeout of 30000ms exceeded while running "beforeEach" hook.

      18 |   let page: Page;
      19 |
    > 20 |   test.beforeEach(async ({ page: testPage }) => {
         |        ^
      21 |     page = testPage;
      22 |     
      23 |     // Navigate to app and authenticate
        at /Users/aminamouhadi/smart-reader-serverless/tests/e2e/pdf-viewer-v2/highlighting.spec.ts:20:8

    Error: page.waitForSelector: Test timeout of 30000ms exceeded.
    Call log:
      - waiting for locator('[role="dialog"]') to be visible


       at helpers/auth.ts:23

      21 |   
      22 |   // Wait for auth modal
    > 23 |   await page.waitForSelector('[role="dialog"]', { state: 'visible' });
         |              ^
      24 |   
      25 |   // NOTE: Actual Google OAuth requires proper test credentials
      26 |   // For now, we'll skip the actual sign-in process
        at signInAsTestUser (/Users/aminamouhadi/smart-reader-serverless/tests/e2e/helpers/auth.ts:23:14)
        at ensureAuthenticated (/Users/aminamouhadi/smart-reader-serverless/tests/e2e/helpers/auth.ts:39:5)
        at /Users/aminamouhadi/smart-reader-serverless/tests/e2e/pdf-viewer-v2/highlighting.spec.ts:27:29

    attachment #1: screenshot (image/png) ──────────────────────────────────────────────────────────
    ../../test-results/pdf-viewer-v2-highlighting-53b3d-ighlight-with-default-color-Mobile-Chrome/test-failed-1.png
    ────────────────────────────────────────────────────────────────────────────────────────────────

    attachment #2: video (video/webm) ──────────────────────────────────────────────────────────────
    ../../test-results/pdf-viewer-v2-highlighting-53b3d-ighlight-with-default-color-Mobile-Chrome/video.webm
    ────────────────────────────────────────────────────────────────────────────────────────────────

    Error Context: ../../test-results/pdf-viewer-v2-highlighting-53b3d-ighlight-with-default-color-Mobile-Chrome/error-context.md
]]>
</failure>
<system-out>
<![CDATA[
[[ATTACHMENT|../test-results/pdf-viewer-v2-highlighting-53b3d-ighlight-with-default-color-Mobile-Chrome/test-failed-1.png]]

[[ATTACHMENT|../test-results/pdf-viewer-v2-highlighting-53b3d-ighlight-with-default-color-Mobile-Chrome/video.webm]]

[[ATTACHMENT|../test-results/pdf-viewer-v2-highlighting-53b3d-ighlight-with-default-color-Mobile-Chrome/error-context.md]]
]]>
</system-out>
</testcase>
<testcase name="PDF Viewer V2 - Highlighting › Highlight Creation › should allow color selection for highlights" classname="pdf-viewer-v2/highlighting.spec.ts" time="31.026">
<failure message="highlighting.spec.ts:176:5 should allow color selection for highlights" type="FAILURE">
<![CDATA[  [Mobile Chrome] › pdf-viewer-v2/highlighting.spec.ts:176:5 › PDF Viewer V2 - Highlighting › Highlight Creation › should allow color selection for highlights 

    Test timeout of 30000ms exceeded while running "beforeEach" hook.

      18 |   let page: Page;
      19 |
    > 20 |   test.beforeEach(async ({ page: testPage }) => {
         |        ^
      21 |     page = testPage;
      22 |     
      23 |     // Navigate to app and authenticate
        at /Users/aminamouhadi/smart-reader-serverless/tests/e2e/pdf-viewer-v2/highlighting.spec.ts:20:8

    Error: page.waitForSelector: Test timeout of 30000ms exceeded.
    Call log:
      - waiting for locator('[role="dialog"]') to be visible


       at helpers/auth.ts:23

      21 |   
      22 |   // Wait for auth modal
    > 23 |   await page.waitForSelector('[role="dialog"]', { state: 'visible' });
         |              ^
      24 |   
      25 |   // NOTE: Actual Google OAuth requires proper test credentials
      26 |   // For now, we'll skip the actual sign-in process
        at signInAsTestUser (/Users/aminamouhadi/smart-reader-serverless/tests/e2e/helpers/auth.ts:23:14)
        at ensureAuthenticated (/Users/aminamouhadi/smart-reader-serverless/tests/e2e/helpers/auth.ts:39:5)
        at /Users/aminamouhadi/smart-reader-serverless/tests/e2e/pdf-viewer-v2/highlighting.spec.ts:27:29

    attachment #1: screenshot (image/png) ──────────────────────────────────────────────────────────
    ../../test-results/pdf-viewer-v2-highlighting-ee700-or-selection-for-highlights-Mobile-Chrome/test-failed-1.png
    ────────────────────────────────────────────────────────────────────────────────────────────────

    attachment #2: video (video/webm) ──────────────────────────────────────────────────────────────
    ../../test-results/pdf-viewer-v2-highlighting-ee700-or-selection-for-highlights-Mobile-Chrome/video.webm
    ────────────────────────────────────────────────────────────────────────────────────────────────

    Error Context: ../../test-results/pdf-viewer-v2-highlighting-ee700-or-selection-for-highlights-Mobile-Chrome/error-context.md
]]>
</failure>
<system-out>
<![CDATA[
[[ATTACHMENT|../test-results/pdf-viewer-v2-highlighting-ee700-or-selection-for-highlights-Mobile-Chrome/test-failed-1.png]]

[[ATTACHMENT|../test-results/pdf-viewer-v2-highlighting-ee700-or-selection-for-highlights-Mobile-Chrome/video.webm]]

[[ATTACHMENT|../test-results/pdf-viewer-v2-highlighting-ee700-or-selection-for-highlights-Mobile-Chrome/error-context.md]]
]]>
</system-out>
</testcase>
<testcase name="PDF Viewer V2 - Highlighting › Highlight Management › should display highlight management panel" classname="pdf-viewer-v2/highlighting.spec.ts" time="30.844">
<failure message="highlighting.spec.ts:228:5 should display highlight management panel" type="FAILURE">
<![CDATA[  [Mobile Chrome] › pdf-viewer-v2/highlighting.spec.ts:228:5 › PDF Viewer V2 - Highlighting › Highlight Management › should display highlight management panel 

    Test timeout of 30000ms exceeded while running "beforeEach" hook.

      18 |   let page: Page;
      19 |
    > 20 |   test.beforeEach(async ({ page: testPage }) => {
         |        ^
      21 |     page = testPage;
      22 |     
      23 |     // Navigate to app and authenticate
        at /Users/aminamouhadi/smart-reader-serverless/tests/e2e/pdf-viewer-v2/highlighting.spec.ts:20:8

    Error: page.waitForSelector: Test timeout of 30000ms exceeded.
    Call log:
      - waiting for locator('[role="dialog"]') to be visible


       at helpers/auth.ts:23

      21 |   
      22 |   // Wait for auth modal
    > 23 |   await page.waitForSelector('[role="dialog"]', { state: 'visible' });
         |              ^
      24 |   
      25 |   // NOTE: Actual Google OAuth requires proper test credentials
      26 |   // For now, we'll skip the actual sign-in process
        at signInAsTestUser (/Users/aminamouhadi/smart-reader-serverless/tests/e2e/helpers/auth.ts:23:14)
        at ensureAuthenticated (/Users/aminamouhadi/smart-reader-serverless/tests/e2e/helpers/auth.ts:39:5)
        at /Users/aminamouhadi/smart-reader-serverless/tests/e2e/pdf-viewer-v2/highlighting.spec.ts:27:29

    attachment #1: screenshot (image/png) ──────────────────────────────────────────────────────────
    ../../test-results/pdf-viewer-v2-highlighting-5f459--highlight-management-panel-Mobile-Chrome/test-failed-1.png
    ────────────────────────────────────────────────────────────────────────────────────────────────

    attachment #2: video (video/webm) ──────────────────────────────────────────────────────────────
    ../../test-results/pdf-viewer-v2-highlighting-5f459--highlight-management-panel-Mobile-Chrome/video.webm
    ────────────────────────────────────────────────────────────────────────────────────────────────

    Error Context: ../../test-results/pdf-viewer-v2-highlighting-5f459--highlight-management-panel-Mobile-Chrome/error-context.md
]]>
</failure>
<system-out>
<![CDATA[
[[ATTACHMENT|../test-results/pdf-viewer-v2-highlighting-5f459--highlight-management-panel-Mobile-Chrome/test-failed-1.png]]

[[ATTACHMENT|../test-results/pdf-viewer-v2-highlighting-5f459--highlight-management-panel-Mobile-Chrome/video.webm]]

[[ATTACHMENT|../test-results/pdf-viewer-v2-highlighting-5f459--highlight-management-panel-Mobile-Chrome/error-context.md]]
]]>
</system-out>
</testcase>
<testcase name="PDF Viewer V2 - Highlighting › Highlight Management › should list saved highlights in management panel" classname="pdf-viewer-v2/highlighting.spec.ts" time="30.841">
<failure message="highlighting.spec.ts:254:5 should list saved highlights in management panel" type="FAILURE">
<![CDATA[  [Mobile Chrome] › pdf-viewer-v2/highlighting.spec.ts:254:5 › PDF Viewer V2 - Highlighting › Highlight Management › should list saved highlights in management panel 

    Test timeout of 30000ms exceeded while running "beforeEach" hook.

      18 |   let page: Page;
      19 |
    > 20 |   test.beforeEach(async ({ page: testPage }) => {
         |        ^
      21 |     page = testPage;
      22 |     
      23 |     // Navigate to app and authenticate
        at /Users/aminamouhadi/smart-reader-serverless/tests/e2e/pdf-viewer-v2/highlighting.spec.ts:20:8

    Error: page.waitForSelector: Test timeout of 30000ms exceeded.
    Call log:
      - waiting for locator('[role="dialog"]') to be visible


       at helpers/auth.ts:23

      21 |   
      22 |   // Wait for auth modal
    > 23 |   await page.waitForSelector('[role="dialog"]', { state: 'visible' });
         |              ^
      24 |   
      25 |   // NOTE: Actual Google OAuth requires proper test credentials
      26 |   // For now, we'll skip the actual sign-in process
        at signInAsTestUser (/Users/aminamouhadi/smart-reader-serverless/tests/e2e/helpers/auth.ts:23:14)
        at ensureAuthenticated (/Users/aminamouhadi/smart-reader-serverless/tests/e2e/helpers/auth.ts:39:5)
        at /Users/aminamouhadi/smart-reader-serverless/tests/e2e/pdf-viewer-v2/highlighting.spec.ts:27:29

    attachment #1: screenshot (image/png) ──────────────────────────────────────────────────────────
    ../../test-results/pdf-viewer-v2-highlighting-4d938-hlights-in-management-panel-Mobile-Chrome/test-failed-1.png
    ────────────────────────────────────────────────────────────────────────────────────────────────

    attachment #2: video (video/webm) ──────────────────────────────────────────────────────────────
    ../../test-results/pdf-viewer-v2-highlighting-4d938-hlights-in-management-panel-Mobile-Chrome/video.webm
    ────────────────────────────────────────────────────────────────────────────────────────────────

    Error Context: ../../test-results/pdf-viewer-v2-highlighting-4d938-hlights-in-management-panel-Mobile-Chrome/error-context.md
]]>
</failure>
<system-out>
<![CDATA[
[[ATTACHMENT|../test-results/pdf-viewer-v2-highlighting-4d938-hlights-in-management-panel-Mobile-Chrome/test-failed-1.png]]

[[ATTACHMENT|../test-results/pdf-viewer-v2-highlighting-4d938-hlights-in-management-panel-Mobile-Chrome/video.webm]]

[[ATTACHMENT|../test-results/pdf-viewer-v2-highlighting-4d938-hlights-in-management-panel-Mobile-Chrome/error-context.md]]
]]>
</system-out>
</testcase>
<testcase name="PDF Viewer V2 - Highlighting › Highlight Management › should allow deleting highlights" classname="pdf-viewer-v2/highlighting.spec.ts" time="30.848">
<failure message="highlighting.spec.ts:277:5 should allow deleting highlights" type="FAILURE">
<![CDATA[  [Mobile Chrome] › pdf-viewer-v2/highlighting.spec.ts:277:5 › PDF Viewer V2 - Highlighting › Highlight Management › should allow deleting highlights 

    Test timeout of 30000ms exceeded while running "beforeEach" hook.

      18 |   let page: Page;
      19 |
    > 20 |   test.beforeEach(async ({ page: testPage }) => {
         |        ^
      21 |     page = testPage;
      22 |     
      23 |     // Navigate to app and authenticate
        at /Users/aminamouhadi/smart-reader-serverless/tests/e2e/pdf-viewer-v2/highlighting.spec.ts:20:8

    Error: page.waitForSelector: Test timeout of 30000ms exceeded.
    Call log:
      - waiting for locator('[role="dialog"]') to be visible


       at helpers/auth.ts:23

      21 |   
      22 |   // Wait for auth modal
    > 23 |   await page.waitForSelector('[role="dialog"]', { state: 'visible' });
         |              ^
      24 |   
      25 |   // NOTE: Actual Google OAuth requires proper test credentials
      26 |   // For now, we'll skip the actual sign-in process
        at signInAsTestUser (/Users/aminamouhadi/smart-reader-serverless/tests/e2e/helpers/auth.ts:23:14)
        at ensureAuthenticated (/Users/aminamouhadi/smart-reader-serverless/tests/e2e/helpers/auth.ts:39:5)
        at /Users/aminamouhadi/smart-reader-serverless/tests/e2e/pdf-viewer-v2/highlighting.spec.ts:27:29

    attachment #1: screenshot (image/png) ──────────────────────────────────────────────────────────
    ../../test-results/pdf-viewer-v2-highlighting-42a4b-d-allow-deleting-highlights-Mobile-Chrome/test-failed-1.png
    ────────────────────────────────────────────────────────────────────────────────────────────────

    attachment #2: video (video/webm) ──────────────────────────────────────────────────────────────
    ../../test-results/pdf-viewer-v2-highlighting-42a4b-d-allow-deleting-highlights-Mobile-Chrome/video.webm
    ────────────────────────────────────────────────────────────────────────────────────────────────

    Error Context: ../../test-results/pdf-viewer-v2-highlighting-42a4b-d-allow-deleting-highlights-Mobile-Chrome/error-context.md
]]>
</failure>
<system-out>
<![CDATA[
[[ATTACHMENT|../test-results/pdf-viewer-v2-highlighting-42a4b-d-allow-deleting-highlights-Mobile-Chrome/test-failed-1.png]]

[[ATTACHMENT|../test-results/pdf-viewer-v2-highlighting-42a4b-d-allow-deleting-highlights-Mobile-Chrome/video.webm]]

[[ATTACHMENT|../test-results/pdf-viewer-v2-highlighting-42a4b-d-allow-deleting-highlights-Mobile-Chrome/error-context.md]]
]]>
</system-out>
</testcase>
<testcase name="PDF Viewer V2 - Highlighting › Highlight Persistence › should persist highlights across page navigation" classname="pdf-viewer-v2/highlighting.spec.ts" time="30.71">
<failure message="highlighting.spec.ts:321:5 should persist highlights across page navigation" type="FAILURE">
<![CDATA[  [Mobile Chrome] › pdf-viewer-v2/highlighting.spec.ts:321:5 › PDF Viewer V2 - Highlighting › Highlight Persistence › should persist highlights across page navigation 

    Test timeout of 30000ms exceeded while running "beforeEach" hook.

      18 |   let page: Page;
      19 |
    > 20 |   test.beforeEach(async ({ page: testPage }) => {
         |        ^
      21 |     page = testPage;
      22 |     
      23 |     // Navigate to app and authenticate
        at /Users/aminamouhadi/smart-reader-serverless/tests/e2e/pdf-viewer-v2/highlighting.spec.ts:20:8

    Error: page.waitForSelector: Test timeout of 30000ms exceeded.
    Call log:
      - waiting for locator('[role="dialog"]') to be visible


       at helpers/auth.ts:23

      21 |   
      22 |   // Wait for auth modal
    > 23 |   await page.waitForSelector('[role="dialog"]', { state: 'visible' });
         |              ^
      24 |   
      25 |   // NOTE: Actual Google OAuth requires proper test credentials
      26 |   // For now, we'll skip the actual sign-in process
        at signInAsTestUser (/Users/aminamouhadi/smart-reader-serverless/tests/e2e/helpers/auth.ts:23:14)
        at ensureAuthenticated (/Users/aminamouhadi/smart-reader-serverless/tests/e2e/helpers/auth.ts:39:5)
        at /Users/aminamouhadi/smart-reader-serverless/tests/e2e/pdf-viewer-v2/highlighting.spec.ts:27:29

    attachment #1: screenshot (image/png) ──────────────────────────────────────────────────────────
    ../../test-results/pdf-viewer-v2-highlighting-b381d-ghts-across-page-navigation-Mobile-Chrome/test-failed-1.png
    ────────────────────────────────────────────────────────────────────────────────────────────────

    attachment #2: video (video/webm) ──────────────────────────────────────────────────────────────
    ../../test-results/pdf-viewer-v2-highlighting-b381d-ghts-across-page-navigation-Mobile-Chrome/video.webm
    ────────────────────────────────────────────────────────────────────────────────────────────────

    Error Context: ../../test-results/pdf-viewer-v2-highlighting-b381d-ghts-across-page-navigation-Mobile-Chrome/error-context.md
]]>
</failure>
<system-out>
<![CDATA[
[[ATTACHMENT|../test-results/pdf-viewer-v2-highlighting-b381d-ghts-across-page-navigation-Mobile-Chrome/test-failed-1.png]]

[[ATTACHMENT|../test-results/pdf-viewer-v2-highlighting-b381d-ghts-across-page-navigation-Mobile-Chrome/video.webm]]

[[ATTACHMENT|../test-results/pdf-viewer-v2-highlighting-b381d-ghts-across-page-navigation-Mobile-Chrome/error-context.md]]
]]>
</system-out>
</testcase>
</testsuite>
<testsuite name="pdf-viewer-v2/features.spec.ts" timestamp="2025-11-20T10:25:26.418Z" hostname="Mobile Safari" tests="11" failures="11" skipped="0" time="0.027" errors="0">
<testcase name="PDF Viewer V2 - Features › Page Navigation › should navigate to next page" classname="pdf-viewer-v2/features.spec.ts" time="0.002">
<failure message="features.spec.ts:38:5 should navigate to next page" type="FAILURE">
<![CDATA[  [Mobile Safari] › pdf-viewer-v2/features.spec.ts:38:5 › PDF Viewer V2 - Features › Page Navigation › should navigate to next page 

    Error: browserType.launch: Executable doesn't exist at /Users/aminamouhadi/Library/Caches/ms-playwright/webkit-2215/pw_run.sh
    ╔═════════════════════════════════════════════════════════════════════════╗
    ║ Looks like Playwright Test or Playwright was just installed or updated. ║
    ║ Please run the following command to download new browsers:              ║
    ║                                                                         ║
    ║     npx playwright install                                              ║
    ║                                                                         ║
    ║ <3 Playwright Team                                                      ║
    ╚═════════════════════════════════════════════════════════════════════════╝
]]>
</failure>
</testcase>
<testcase name="PDF Viewer V2 - Features › Page Navigation › should navigate to previous page" classname="pdf-viewer-v2/features.spec.ts" time="0.003">
<failure message="features.spec.ts:79:5 should navigate to previous page" type="FAILURE">
<![CDATA[  [Mobile Safari] › pdf-viewer-v2/features.spec.ts:79:5 › PDF Viewer V2 - Features › Page Navigation › should navigate to previous page 

    Error: browserType.launch: Executable doesn't exist at /Users/aminamouhadi/Library/Caches/ms-playwright/webkit-2215/pw_run.sh
    ╔═════════════════════════════════════════════════════════════════════════╗
    ║ Looks like Playwright Test or Playwright was just installed or updated. ║
    ║ Please run the following command to download new browsers:              ║
    ║                                                                         ║
    ║     npx playwright install                                              ║
    ║                                                                         ║
    ║ <3 Playwright Team                                                      ║
    ╚═════════════════════════════════════════════════════════════════════════╝
]]>
</failure>
</testcase>
<testcase name="PDF Viewer V2 - Features › Page Navigation › should navigate to first page" classname="pdf-viewer-v2/features.spec.ts" time="0.003">
<failure message="features.spec.ts:123:5 should navigate to first page" type="FAILURE">
<![CDATA[  [Mobile Safari] › pdf-viewer-v2/features.spec.ts:123:5 › PDF Viewer V2 - Features › Page Navigation › should navigate to first page 

    Error: browserType.launch: Executable doesn't exist at /Users/aminamouhadi/Library/Caches/ms-playwright/webkit-2215/pw_run.sh
    ╔═════════════════════════════════════════════════════════════════════════╗
    ║ Looks like Playwright Test or Playwright was just installed or updated. ║
    ║ Please run the following command to download new browsers:              ║
    ║                                                                         ║
    ║     npx playwright install                                              ║
    ║                                                                         ║
    ║ <3 Playwright Team                                                      ║
    ╚═════════════════════════════════════════════════════════════════════════╝
]]>
</failure>
</testcase>
<testcase name="PDF Viewer V2 - Features › Zoom Functionality › should zoom in" classname="pdf-viewer-v2/features.spec.ts" time="0.002">
<failure message="features.spec.ts:163:5 should zoom in" type="FAILURE">
<![CDATA[  [Mobile Safari] › pdf-viewer-v2/features.spec.ts:163:5 › PDF Viewer V2 - Features › Zoom Functionality › should zoom in 

    Error: browserType.launch: Executable doesn't exist at /Users/aminamouhadi/Library/Caches/ms-playwright/webkit-2215/pw_run.sh
    ╔═════════════════════════════════════════════════════════════════════════╗
    ║ Looks like Playwright Test or Playwright was just installed or updated. ║
    ║ Please run the following command to download new browsers:              ║
    ║                                                                         ║
    ║     npx playwright install                                              ║
    ║                                                                         ║
    ║ <3 Playwright Team                                                      ║
    ╚═════════════════════════════════════════════════════════════════════════╝
]]>
</failure>
</testcase>
<testcase name="PDF Viewer V2 - Features › Zoom Functionality › should zoom out" classname="pdf-viewer-v2/features.spec.ts" time="0.003">
<failure message="features.spec.ts:200:5 should zoom out" type="FAILURE">
<![CDATA[  [Mobile Safari] › pdf-viewer-v2/features.spec.ts:200:5 › PDF Viewer V2 - Features › Zoom Functionality › should zoom out 

    Error: browserType.launch: Executable doesn't exist at /Users/aminamouhadi/Library/Caches/ms-playwright/webkit-2215/pw_run.sh
    ╔═════════════════════════════════════════════════════════════════════════╗
    ║ Looks like Playwright Test or Playwright was just installed or updated. ║
    ║ Please run the following command to download new browsers:              ║
    ║                                                                         ║
    ║     npx playwright install                                              ║
    ║                                                                         ║
    ║ <3 Playwright Team                                                      ║
    ╚═════════════════════════════════════════════════════════════════════════╝
]]>
</failure>
</testcase>
<testcase name="PDF Viewer V2 - Features › Rotation › should rotate PDF clockwise" classname="pdf-viewer-v2/features.spec.ts" time="0.005">
<failure message="features.spec.ts:240:5 should rotate PDF clockwise" type="FAILURE">
<![CDATA[  [Mobile Safari] › pdf-viewer-v2/features.spec.ts:240:5 › PDF Viewer V2 - Features › Rotation › should rotate PDF clockwise 

    Error: browserType.launch: Executable doesn't exist at /Users/aminamouhadi/Library/Caches/ms-playwright/webkit-2215/pw_run.sh
    ╔═════════════════════════════════════════════════════════════════════════╗
    ║ Looks like Playwright Test or Playwright was just installed or updated. ║
    ║ Please run the following command to download new browsers:              ║
    ║                                                                         ║
    ║     npx playwright install                                              ║
    ║                                                                         ║
    ║ <3 Playwright Team                                                      ║
    ╚═════════════════════════════════════════════════════════════════════════╝
]]>
</failure>
</testcase>
<testcase name="PDF Viewer V2 - Features › Search Functionality › should open search dialog" classname="pdf-viewer-v2/features.spec.ts" time="0.001">
<failure message="features.spec.ts:270:5 should open search dialog" type="FAILURE">
<![CDATA[  [Mobile Safari] › pdf-viewer-v2/features.spec.ts:270:5 › PDF Viewer V2 - Features › Search Functionality › should open search dialog 

    Error: browserType.launch: Executable doesn't exist at /Users/aminamouhadi/Library/Caches/ms-playwright/webkit-2215/pw_run.sh
    ╔═════════════════════════════════════════════════════════════════════════╗
    ║ Looks like Playwright Test or Playwright was just installed or updated. ║
    ║ Please run the following command to download new browsers:              ║
    ║                                                                         ║
    ║     npx playwright install                                              ║
    ║                                                                         ║
    ║ <3 Playwright Team                                                      ║
    ╚═════════════════════════════════════════════════════════════════════════╝
]]>
</failure>
</testcase>
<testcase name="PDF Viewer V2 - Features › Search Functionality › should search for text in PDF" classname="pdf-viewer-v2/features.spec.ts" time="0.002">
<failure message="features.spec.ts:302:5 should search for text in PDF" type="FAILURE">
<![CDATA[  [Mobile Safari] › pdf-viewer-v2/features.spec.ts:302:5 › PDF Viewer V2 - Features › Search Functionality › should search for text in PDF 

    Error: browserType.launch: Executable doesn't exist at /Users/aminamouhadi/Library/Caches/ms-playwright/webkit-2215/pw_run.sh
    ╔═════════════════════════════════════════════════════════════════════════╗
    ║ Looks like Playwright Test or Playwright was just installed or updated. ║
    ║ Please run the following command to download new browsers:              ║
    ║                                                                         ║
    ║     npx playwright install                                              ║
    ║                                                                         ║
    ║ <3 Playwright Team                                                      ║
    ╚═════════════════════════════════════════════════════════════════════════╝
]]>
</failure>
</testcase>
<testcase name="PDF Viewer V2 - Features › Reading Mode › should toggle reading mode" classname="pdf-viewer-v2/features.spec.ts" time="0.002">
<failure message="features.spec.ts:338:5 should toggle reading mode" type="FAILURE">
<![CDATA[  [Mobile Safari] › pdf-viewer-v2/features.spec.ts:338:5 › PDF Viewer V2 - Features › Reading Mode › should toggle reading mode 

    Error: browserType.launch: Executable doesn't exist at /Users/aminamouhadi/Library/Caches/ms-playwright/webkit-2215/pw_run.sh
    ╔═════════════════════════════════════════════════════════════════════════╗
    ║ Looks like Playwright Test or Playwright was just installed or updated. ║
    ║ Please run the following command to download new browsers:              ║
    ║                                                                         ║
    ║     npx playwright install                                              ║
    ║                                                                         ║
    ║ <3 Playwright Team                                                      ║
    ╚═════════════════════════════════════════════════════════════════════════╝
]]>
</failure>
</testcase>
<testcase name="PDF Viewer V2 - Features › Notes Integration › should open notes panel" classname="pdf-viewer-v2/features.spec.ts" time="0.002">
<failure message="features.spec.ts:372:5 should open notes panel" type="FAILURE">
<![CDATA[  [Mobile Safari] › pdf-viewer-v2/features.spec.ts:372:5 › PDF Viewer V2 - Features › Notes Integration › should open notes panel 

    Error: browserType.launch: Executable doesn't exist at /Users/aminamouhadi/Library/Caches/ms-playwright/webkit-2215/pw_run.sh
    ╔═════════════════════════════════════════════════════════════════════════╗
    ║ Looks like Playwright Test or Playwright was just installed or updated. ║
    ║ Please run the following command to download new browsers:              ║
    ║                                                                         ║
    ║     npx playwright install                                              ║
    ║                                                                         ║
    ║ <3 Playwright Team                                                      ║
    ╚═════════════════════════════════════════════════════════════════════════╝
]]>
</failure>
</testcase>
<testcase name="PDF Viewer V2 - Features › TTS Integration › should display TTS controls" classname="pdf-viewer-v2/features.spec.ts" time="0.002">
<failure message="features.spec.ts:396:5 should display TTS controls" type="FAILURE">
<![CDATA[  [Mobile Safari] › pdf-viewer-v2/features.spec.ts:396:5 › PDF Viewer V2 - Features › TTS Integration › should display TTS controls 

    Error: browserType.launch: Executable doesn't exist at /Users/aminamouhadi/Library/Caches/ms-playwright/webkit-2215/pw_run.sh
    ╔═════════════════════════════════════════════════════════════════════════╗
    ║ Looks like Playwright Test or Playwright was just installed or updated. ║
    ║ Please run the following command to download new browsers:              ║
    ║                                                                         ║
    ║     npx playwright install                                              ║
    ║                                                                         ║
    ║ <3 Playwright Team                                                      ║
    ╚═════════════════════════════════════════════════════════════════════════╝
]]>
</failure>
</testcase>
</testsuite>
<testsuite name="pdf-viewer-v2/highlighting.spec.ts" timestamp="2025-11-20T10:25:26.418Z" hostname="Mobile Safari" tests="9" failures="9" skipped="0" time="0.013" errors="0">
<testcase name="PDF Viewer V2 - Highlighting › Highlight Creation › should display PDF viewer when document is loaded" classname="pdf-viewer-v2/highlighting.spec.ts" time="0.001">
<failure message="highlighting.spec.ts:37:5 should display PDF viewer when document is loaded" type="FAILURE">
<![CDATA[  [Mobile Safari] › pdf-viewer-v2/highlighting.spec.ts:37:5 › PDF Viewer V2 - Highlighting › Highlight Creation › should display PDF viewer when document is loaded 

    Error: browserType.launch: Executable doesn't exist at /Users/aminamouhadi/Library/Caches/ms-playwright/webkit-2215/pw_run.sh
    ╔═════════════════════════════════════════════════════════════════════════╗
    ║ Looks like Playwright Test or Playwright was just installed or updated. ║
    ║ Please run the following command to download new browsers:              ║
    ║                                                                         ║
    ║     npx playwright install                                              ║
    ║                                                                         ║
    ║ <3 Playwright Team                                                      ║
    ╚═════════════════════════════════════════════════════════════════════════╝
]]>
</failure>
</testcase>
<testcase name="PDF Viewer V2 - Highlighting › Highlight Creation › should allow text selection in PDF" classname="pdf-viewer-v2/highlighting.spec.ts" time="0.002">
<failure message="highlighting.spec.ts:53:5 should allow text selection in PDF" type="FAILURE">
<![CDATA[  [Mobile Safari] › pdf-viewer-v2/highlighting.spec.ts:53:5 › PDF Viewer V2 - Highlighting › Highlight Creation › should allow text selection in PDF 

    Error: browserType.launch: Executable doesn't exist at /Users/aminamouhadi/Library/Caches/ms-playwright/webkit-2215/pw_run.sh
    ╔═════════════════════════════════════════════════════════════════════════╗
    ║ Looks like Playwright Test or Playwright was just installed or updated. ║
    ║ Please run the following command to download new browsers:              ║
    ║                                                                         ║
    ║     npx playwright install                                              ║
    ║                                                                         ║
    ║ <3 Playwright Team                                                      ║
    ╚═════════════════════════════════════════════════════════════════════════╝
]]>
</failure>
</testcase>
<testcase name="PDF Viewer V2 - Highlighting › Highlight Creation › should show highlight popup after text selection" classname="pdf-viewer-v2/highlighting.spec.ts" time="0.003">
<failure message="highlighting.spec.ts:87:5 should show highlight popup after text selection" type="FAILURE">
<![CDATA[  [Mobile Safari] › pdf-viewer-v2/highlighting.spec.ts:87:5 › PDF Viewer V2 - Highlighting › Highlight Creation › should show highlight popup after text selection 

    Error: browserType.launch: Executable doesn't exist at /Users/aminamouhadi/Library/Caches/ms-playwright/webkit-2215/pw_run.sh
    ╔═════════════════════════════════════════════════════════════════════════╗
    ║ Looks like Playwright Test or Playwright was just installed or updated. ║
    ║ Please run the following command to download new browsers:              ║
    ║                                                                         ║
    ║     npx playwright install                                              ║
    ║                                                                         ║
    ║ <3 Playwright Team                                                      ║
    ╚═════════════════════════════════════════════════════════════════════════╝
]]>
</failure>
</testcase>
<testcase name="PDF Viewer V2 - Highlighting › Highlight Creation › should save highlight with default color" classname="pdf-viewer-v2/highlighting.spec.ts" time="0.001">
<failure message="highlighting.spec.ts:127:5 should save highlight with default color" type="FAILURE">
<![CDATA[  [Mobile Safari] › pdf-viewer-v2/highlighting.spec.ts:127:5 › PDF Viewer V2 - Highlighting › Highlight Creation › should save highlight with default color 

    Error: browserType.launch: Executable doesn't exist at /Users/aminamouhadi/Library/Caches/ms-playwright/webkit-2215/pw_run.sh
    ╔═════════════════════════════════════════════════════════════════════════╗
    ║ Looks like Playwright Test or Playwright was just installed or updated. ║
    ║ Please run the following command to download new browsers:              ║
    ║                                                                         ║
    ║     npx playwright install                                              ║
    ║                                                                         ║
    ║ <3 Playwright Team                                                      ║
    ╚═════════════════════════════════════════════════════════════════════════╝
]]>
</failure>
</testcase>
<testcase name="PDF Viewer V2 - Highlighting › Highlight Creation › should allow color selection for highlights" classname="pdf-viewer-v2/highlighting.spec.ts" time="0.002">
<failure message="highlighting.spec.ts:176:5 should allow color selection for highlights" type="FAILURE">
<![CDATA[  [Mobile Safari] › pdf-viewer-v2/highlighting.spec.ts:176:5 › PDF Viewer V2 - Highlighting › Highlight Creation › should allow color selection for highlights 

    Error: browserType.launch: Executable doesn't exist at /Users/aminamouhadi/Library/Caches/ms-playwright/webkit-2215/pw_run.sh
    ╔═════════════════════════════════════════════════════════════════════════╗
    ║ Looks like Playwright Test or Playwright was just installed or updated. ║
    ║ Please run the following command to download new browsers:              ║
    ║                                                                         ║
    ║     npx playwright install                                              ║
    ║                                                                         ║
    ║ <3 Playwright Team                                                      ║
    ╚═════════════════════════════════════════════════════════════════════════╝
]]>
</failure>
</testcase>
<testcase name="PDF Viewer V2 - Highlighting › Highlight Management › should display highlight management panel" classname="pdf-viewer-v2/highlighting.spec.ts" time="0.001">
<failure message="highlighting.spec.ts:228:5 should display highlight management panel" type="FAILURE">
<![CDATA[  [Mobile Safari] › pdf-viewer-v2/highlighting.spec.ts:228:5 › PDF Viewer V2 - Highlighting › Highlight Management › should display highlight management panel 

    Error: browserType.launch: Executable doesn't exist at /Users/aminamouhadi/Library/Caches/ms-playwright/webkit-2215/pw_run.sh
    ╔═════════════════════════════════════════════════════════════════════════╗
    ║ Looks like Playwright Test or Playwright was just installed or updated. ║
    ║ Please run the following command to download new browsers:              ║
    ║                                                                         ║
    ║     npx playwright install                                              ║
    ║                                                                         ║
    ║ <3 Playwright Team                                                      ║
    ╚═════════════════════════════════════════════════════════════════════════╝
]]>
</failure>
</testcase>
<testcase name="PDF Viewer V2 - Highlighting › Highlight Management › should list saved highlights in management panel" classname="pdf-viewer-v2/highlighting.spec.ts" time="0.001">
<failure message="highlighting.spec.ts:254:5 should list saved highlights in management panel" type="FAILURE">
<![CDATA[  [Mobile Safari] › pdf-viewer-v2/highlighting.spec.ts:254:5 › PDF Viewer V2 - Highlighting › Highlight Management › should list saved highlights in management panel 

    Error: browserType.launch: Executable doesn't exist at /Users/aminamouhadi/Library/Caches/ms-playwright/webkit-2215/pw_run.sh
    ╔═════════════════════════════════════════════════════════════════════════╗
    ║ Looks like Playwright Test or Playwright was just installed or updated. ║
    ║ Please run the following command to download new browsers:              ║
    ║                                                                         ║
    ║     npx playwright install                                              ║
    ║                                                                         ║
    ║ <3 Playwright Team                                                      ║
    ╚═════════════════════════════════════════════════════════════════════════╝
]]>
</failure>
</testcase>
<testcase name="PDF Viewer V2 - Highlighting › Highlight Management › should allow deleting highlights" classname="pdf-viewer-v2/highlighting.spec.ts" time="0.001">
<failure message="highlighting.spec.ts:277:5 should allow deleting highlights" type="FAILURE">
<![CDATA[  [Mobile Safari] › pdf-viewer-v2/highlighting.spec.ts:277:5 › PDF Viewer V2 - Highlighting › Highlight Management › should allow deleting highlights 

    Error: browserType.launch: Executable doesn't exist at /Users/aminamouhadi/Library/Caches/ms-playwright/webkit-2215/pw_run.sh
    ╔═════════════════════════════════════════════════════════════════════════╗
    ║ Looks like Playwright Test or Playwright was just installed or updated. ║
    ║ Please run the following command to download new browsers:              ║
    ║                                                                         ║
    ║     npx playwright install                                              ║
    ║                                                                         ║
    ║ <3 Playwright Team                                                      ║
    ╚═════════════════════════════════════════════════════════════════════════╝
]]>
</failure>
</testcase>
<testcase name="PDF Viewer V2 - Highlighting › Highlight Persistence › should persist highlights across page navigation" classname="pdf-viewer-v2/highlighting.spec.ts" time="0.001">
<failure message="highlighting.spec.ts:321:5 should persist highlights across page navigation" type="FAILURE">
<![CDATA[  [Mobile Safari] › pdf-viewer-v2/highlighting.spec.ts:321:5 › PDF Viewer V2 - Highlighting › Highlight Persistence › should persist highlights across page navigation 

    Error: browserType.launch: Executable doesn't exist at /Users/aminamouhadi/Library/Caches/ms-playwright/webkit-2215/pw_run.sh
    ╔═════════════════════════════════════════════════════════════════════════╗
    ║ Looks like Playwright Test or Playwright was just installed or updated. ║
    ║ Please run the following command to download new browsers:              ║
    ║                                                                         ║
    ║     npx playwright install                                              ║
    ║                                                                         ║
    ║ <3 Playwright Team                                                      ║
    ╚═════════════════════════════════════════════════════════════════════════╝
]]>
</failure>
</testcase>
</testsuite>
</testsuites>